TN:
SF:components/AIPresentationModal.tsx
FN:52,(anonymous_0)
FN:70,(anonymous_1)
FN:74,(anonymous_2)
FN:92,(anonymous_3)
FN:109,(anonymous_4)
FN:110,(anonymous_5)
FN:160,(anonymous_6)
FN:163,(anonymous_7)
FN:165,(anonymous_8)
FN:168,(anonymous_9)
FN:171,(anonymous_10)
FN:183,(anonymous_11)
FN:212,(anonymous_12)
FN:234,(anonymous_13)
FN:242,(anonymous_14)
FN:250,(anonymous_15)
FN:270,(anonymous_16)
FN:282,(anonymous_17)
FN:301,(anonymous_18)
FN:304,(anonymous_19)
FN:316,(anonymous_20)
FN:319,(anonymous_21)
FN:334,(anonymous_22)
FN:339,(anonymous_23)
FN:343,(anonymous_24)
FN:345,(anonymous_25)
FN:374,(anonymous_26)
FN:410,(anonymous_27)
FN:429,(anonymous_28)
FN:451,(anonymous_29)
FN:454,(anonymous_30)
FN:477,(anonymous_31)
FN:489,(anonymous_32)
FN:514,(anonymous_33)
FN:528,(anonymous_34)
FN:538,(anonymous_35)
FN:548,(anonymous_36)
FN:557,(anonymous_37)
FN:587,(anonymous_38)
FN:594,(anonymous_39)
FN:601,(anonymous_40)
FN:617,(anonymous_41)
FN:628,(anonymous_42)
FN:645,(anonymous_43)
FN:663,(anonymous_44)
FN:678,(anonymous_45)
FN:685,(anonymous_46)
FNF:47
FNH:0
FNDA:0,(anonymous_0)
FNDA:0,(anonymous_1)
FNDA:0,(anonymous_2)
FNDA:0,(anonymous_3)
FNDA:0,(anonymous_4)
FNDA:0,(anonymous_5)
FNDA:0,(anonymous_6)
FNDA:0,(anonymous_7)
FNDA:0,(anonymous_8)
FNDA:0,(anonymous_9)
FNDA:0,(anonymous_10)
FNDA:0,(anonymous_11)
FNDA:0,(anonymous_12)
FNDA:0,(anonymous_13)
FNDA:0,(anonymous_14)
FNDA:0,(anonymous_15)
FNDA:0,(anonymous_16)
FNDA:0,(anonymous_17)
FNDA:0,(anonymous_18)
FNDA:0,(anonymous_19)
FNDA:0,(anonymous_20)
FNDA:0,(anonymous_21)
FNDA:0,(anonymous_22)
FNDA:0,(anonymous_23)
FNDA:0,(anonymous_24)
FNDA:0,(anonymous_25)
FNDA:0,(anonymous_26)
FNDA:0,(anonymous_27)
FNDA:0,(anonymous_28)
FNDA:0,(anonymous_29)
FNDA:0,(anonymous_30)
FNDA:0,(anonymous_31)
FNDA:0,(anonymous_32)
FNDA:0,(anonymous_33)
FNDA:0,(anonymous_34)
FNDA:0,(anonymous_35)
FNDA:0,(anonymous_36)
FNDA:0,(anonymous_37)
FNDA:0,(anonymous_38)
FNDA:0,(anonymous_39)
FNDA:0,(anonymous_40)
FNDA:0,(anonymous_41)
FNDA:0,(anonymous_42)
FNDA:0,(anonymous_43)
FNDA:0,(anonymous_44)
FNDA:0,(anonymous_45)
FNDA:0,(anonymous_46)
DA:52,0
DA:53,0
DA:54,0
DA:55,0
DA:56,0
DA:57,0
DA:58,0
DA:59,0
DA:60,0
DA:61,0
DA:62,0
DA:63,0
DA:64,0
DA:65,0
DA:66,0
DA:67,0
DA:70,0
DA:71,0
DA:74,0
DA:75,0
DA:76,0
DA:77,0
DA:79,0
DA:83,0
DA:84,0
DA:85,0
DA:88,0
DA:92,0
DA:93,0
DA:94,0
DA:95,0
DA:98,0
DA:99,0
DA:100,0
DA:102,0
DA:103,0
DA:104,0
DA:105,0
DA:109,0
DA:110,0
DA:111,0
DA:112,0
DA:113,0
DA:115,0
DA:119,0
DA:133,0
DA:134,0
DA:136,0
DA:137,0
DA:138,0
DA:141,0
DA:143,0
DA:144,0
DA:145,0
DA:146,0
DA:148,0
DA:152,0
DA:153,0
DA:155,0
DA:156,0
DA:160,0
DA:161,0
DA:163,0
DA:164,0
DA:165,0
DA:168,0
DA:171,0
DA:172,0
DA:174,0
DA:175,0
DA:177,0
DA:178,0
DA:179,0
DA:180,0
DA:183,0
DA:184,0
DA:186,0
DA:203,0
DA:204,0
DA:205,0
DA:208,0
DA:210,0
DA:212,0
DA:213,0
DA:218,0
DA:219,0
DA:220,0
DA:221,0
DA:223,0
DA:227,0
DA:228,0
DA:230,0
DA:234,0
DA:235,0
DA:238,0
DA:239,0
DA:242,0
DA:243,0
DA:246,0
DA:247,0
DA:250,0
DA:251,0
DA:270,0
DA:282,0
DA:301,0
DA:305,0
DA:316,0
DA:320,0
DA:334,0
DA:339,0
DA:343,0
DA:345,0
DA:374,0
DA:375,0
DA:410,0
DA:411,0
DA:413,0
DA:415,0
DA:429,0
DA:452,0
DA:454,0
DA:478,0
DA:479,0
DA:480,0
DA:490,0
DA:491,0
DA:492,0
DA:515,0
DA:528,0
DA:538,0
DA:548,0
DA:557,0
DA:587,0
DA:594,0
DA:602,0
DA:603,0
DA:617,0
DA:618,0
DA:620,0
DA:628,0
DA:646,0
DA:664,0
DA:678,0
DA:685,0
DA:705,0
LF:145
LH:0
BRDA:77,0,0,0
BRDA:83,1,0,0
BRDA:85,2,0,0
BRDA:85,2,1,0
BRDA:93,3,0,0
BRDA:104,4,0,0
BRDA:111,5,0,0
BRDA:127,6,0,0
BRDA:127,6,1,0
BRDA:136,7,0,0
BRDA:138,8,0,0
BRDA:138,8,1,0
BRDA:143,9,0,0
BRDA:143,9,1,0
BRDA:148,10,0,0
BRDA:148,10,1,0
BRDA:153,11,0,0
BRDA:153,11,1,0
BRDA:161,12,0,0
BRDA:172,13,0,0
BRDA:172,14,0,0
BRDA:172,14,1,0
BRDA:179,15,0,0
BRDA:184,16,0,0
BRDA:203,17,0,0
BRDA:205,18,0,0
BRDA:205,18,1,0
BRDA:210,19,0,0
BRDA:210,19,1,0
BRDA:213,20,0,0
BRDA:213,20,1,0
BRDA:223,21,0,0
BRDA:223,21,1,0
BRDA:228,22,0,0
BRDA:228,22,1,0
BRDA:235,23,0,0
BRDA:243,24,0,0
BRDA:287,25,0,0
BRDA:287,25,1,0
BRDA:328,26,0,0
BRDA:328,26,1,0
BRDA:334,27,0,0
BRDA:334,27,1,0
BRDA:411,28,0,0
BRDA:456,29,0,0
BRDA:456,29,1,0
BRDA:502,30,0,0
BRDA:502,30,1,0
BRDA:510,31,0,0
BRDA:510,31,1,0
BRDA:510,31,2,0
BRDA:578,32,0,0
BRDA:578,32,1,0
BRDA:595,33,0,0
BRDA:595,33,1,0
BRDA:598,34,0,0
BRDA:598,34,1,0
BRDA:618,35,0,0
BRDA:659,36,0,0
BRDA:659,36,1,0
BRDA:659,36,2,0
BRDA:709,37,0,0
BRDA:709,37,1,0
BRDA:709,37,2,0
BRDA:730,38,0,0
BRDA:730,38,1,0
BRDA:739,39,0,0
BRDA:739,39,1,0
BRDA:740,40,0,0
BRDA:740,40,1,0
BRDA:741,41,0,0
BRDA:741,41,1,0
BRDA:742,42,0,0
BRDA:742,42,1,0
BRF:74
BRH:0
end_of_record
TN:
SF:components/AdvancedPresentationEditor.tsx
FN:52,(anonymous_0)
FN:118,(anonymous_1)
FN:132,(anonymous_2)
FN:151,(anonymous_3)
FN:154,(anonymous_4)
FN:166,(anonymous_5)
FN:170,(anonymous_6)
FN:201,(anonymous_7)
FN:207,(anonymous_8)
FN:242,(anonymous_9)
FN:251,(anonymous_10)
FN:262,(anonymous_11)
FN:279,(anonymous_12)
FN:286,(anonymous_13)
FN:300,(anonymous_14)
FN:318,(anonymous_15)
FN:326,(anonymous_16)
FN:339,(anonymous_17)
FN:365,(anonymous_18)
FN:390,(anonymous_19)
FN:407,(anonymous_20)
FN:414,(anonymous_21)
FN:439,(anonymous_22)
FN:445,(anonymous_23)
FN:475,(anonymous_24)
FN:478,(anonymous_25)
FN:489,(anonymous_26)
FN:510,(anonymous_27)
FN:524,(anonymous_28)
FN:538,(anonymous_29)
FN:554,(anonymous_30)
FNF:31
FNH:0
FNDA:0,(anonymous_0)
FNDA:0,(anonymous_1)
FNDA:0,(anonymous_2)
FNDA:0,(anonymous_3)
FNDA:0,(anonymous_4)
FNDA:0,(anonymous_5)
FNDA:0,(anonymous_6)
FNDA:0,(anonymous_7)
FNDA:0,(anonymous_8)
FNDA:0,(anonymous_9)
FNDA:0,(anonymous_10)
FNDA:0,(anonymous_11)
FNDA:0,(anonymous_12)
FNDA:0,(anonymous_13)
FNDA:0,(anonymous_14)
FNDA:0,(anonymous_15)
FNDA:0,(anonymous_16)
FNDA:0,(anonymous_17)
FNDA:0,(anonymous_18)
FNDA:0,(anonymous_19)
FNDA:0,(anonymous_20)
FNDA:0,(anonymous_21)
FNDA:0,(anonymous_22)
FNDA:0,(anonymous_23)
FNDA:0,(anonymous_24)
FNDA:0,(anonymous_25)
FNDA:0,(anonymous_26)
FNDA:0,(anonymous_27)
FNDA:0,(anonymous_28)
FNDA:0,(anonymous_29)
FNDA:0,(anonymous_30)
DA:52,0
DA:57,0
DA:76,0
DA:77,0
DA:78,0
DA:79,0
DA:80,0
DA:81,0
DA:83,0
DA:85,0
DA:87,0
DA:95,0
DA:118,0
DA:119,0
DA:120,0
DA:125,0
DA:132,0
DA:133,0
DA:141,0
DA:147,0
DA:148,0
DA:151,0
DA:152,0
DA:154,0
DA:155,0
DA:157,0
DA:163,0
DA:166,0
DA:167,0
DA:168,0
DA:170,0
DA:172,0
DA:189,0
DA:195,0
DA:197,0
DA:201,0
DA:202,0
DA:203,0
DA:207,0
DA:208,0
DA:209,0
DA:210,0
DA:217,0
DA:219,0
DA:221,0
DA:222,0
DA:223,0
DA:225,0
DA:226,0
DA:227,0
DA:229,0
DA:230,0
DA:231,0
DA:234,0
DA:235,0
DA:237,0
DA:238,0
DA:242,0
DA:243,0
DA:244,0
DA:246,0
DA:247,0
DA:251,0
DA:253,0
DA:262,0
DA:279,0
DA:287,0
DA:300,0
DA:319,0
DA:326,0
DA:340,0
DA:341,0
DA:365,0
DA:390,0
DA:407,0
DA:414,0
DA:439,0
DA:445,0
DA:476,0
DA:478,0
DA:489,0
DA:510,0
DA:524,0
DA:538,0
DA:554,0
LF:85
LH:0
BRDA:58,0,0,0
BRDA:58,0,1,0
BRDA:135,1,0,0
BRDA:135,1,1,0
BRDA:136,2,0,0
BRDA:136,2,1,0
BRDA:137,3,0,0
BRDA:137,3,1,0
BRDA:152,4,0,0
BRDA:202,5,0,0
BRDA:219,6,0,0
BRDA:219,6,1,0
BRDA:219,6,2,0
BRDA:312,7,0,0
BRDA:312,7,1,0
BRDA:322,8,0,0
BRDA:322,8,1,0
BRDA:331,9,0,0
BRDA:331,9,1,0
BRDA:337,10,0,0
BRDA:337,10,1,0
BRDA:369,11,0,0
BRDA:369,11,1,0
BRDA:370,12,0,0
BRDA:370,12,1,0
BRDA:392,13,0,0
BRDA:392,13,1,0
BRDA:397,14,0,0
BRDA:397,14,1,0
BRDA:430,15,0,0
BRDA:430,15,1,0
BRDA:434,16,0,0
BRDA:434,16,1,0
BRDA:454,17,0,0
BRDA:454,17,1,0
BRDA:457,18,0,0
BRDA:457,18,1,0
BRDA:467,19,0,0
BRDA:467,19,1,0
BRDA:500,20,0,0
BRDA:500,20,1,0
BRF:41
BRH:0
end_of_record
TN:
SF:components/CollaborationService.tsx
FN:33,(anonymous_0)
FN:39,(anonymous_1)
FN:61,(anonymous_2)
FN:81,(anonymous_3)
FN:103,(anonymous_4)
FN:121,(anonymous_5)
FN:139,(anonymous_6)
FN:144,(anonymous_7)
FN:149,(anonymous_8)
FN:158,(anonymous_9)
FN:163,(anonymous_10)
FN:171,(anonymous_11)
FN:174,(anonymous_12)
FN:181,(anonymous_13)
FN:187,(anonymous_14)
FN:194,(anonymous_15)
FN:198,(anonymous_16)
FN:217,(anonymous_17)
FN:237,(anonymous_18)
FN:257,(anonymous_19)
FN:279,(anonymous_20)
FN:285,(anonymous_21)
FN:288,(anonymous_22)
FN:291,(anonymous_23)
FN:294,(anonymous_24)
FN:294,(anonymous_25)
FN:297,(anonymous_26)
FN:298,(anonymous_27)
FN:314,(anonymous_28)
FN:324,(anonymous_29)
FN:329,(anonymous_30)
FN:333,(anonymous_31)
FN:338,(anonymous_32)
FN:343,(anonymous_33)
FN:348,(anonymous_34)
FN:349,(anonymous_35)
FNF:36
FNH:0
FNDA:0,(anonymous_0)
FNDA:0,(anonymous_1)
FNDA:0,(anonymous_2)
FNDA:0,(anonymous_3)
FNDA:0,(anonymous_4)
FNDA:0,(anonymous_5)
FNDA:0,(anonymous_6)
FNDA:0,(anonymous_7)
FNDA:0,(anonymous_8)
FNDA:0,(anonymous_9)
FNDA:0,(anonymous_10)
FNDA:0,(anonymous_11)
FNDA:0,(anonymous_12)
FNDA:0,(anonymous_13)
FNDA:0,(anonymous_14)
FNDA:0,(anonymous_15)
FNDA:0,(anonymous_16)
FNDA:0,(anonymous_17)
FNDA:0,(anonymous_18)
FNDA:0,(anonymous_19)
FNDA:0,(anonymous_20)
FNDA:0,(anonymous_21)
FNDA:0,(anonymous_22)
FNDA:0,(anonymous_23)
FNDA:0,(anonymous_24)
FNDA:0,(anonymous_25)
FNDA:0,(anonymous_26)
FNDA:0,(anonymous_27)
FNDA:0,(anonymous_28)
FNDA:0,(anonymous_29)
FNDA:0,(anonymous_30)
FNDA:0,(anonymous_31)
FNDA:0,(anonymous_32)
FNDA:0,(anonymous_33)
FNDA:0,(anonymous_34)
FNDA:0,(anonymous_35)
DA:34,0
DA:35,0
DA:36,0
DA:37,0
DA:40,0
DA:41,0
DA:50,0
DA:51,0
DA:54,0
DA:56,0
DA:57,0
DA:62,0
DA:63,0
DA:72,0
DA:73,0
DA:76,0
DA:77,0
DA:82,0
DA:83,0
DA:92,0
DA:93,0
DA:96,0
DA:98,0
DA:99,0
DA:104,0
DA:105,0
DA:112,0
DA:113,0
DA:116,0
DA:117,0
DA:122,0
DA:123,0
DA:130,0
DA:131,0
DA:134,0
DA:135,0
DA:140,0
DA:141,0
DA:142,0
DA:144,0
DA:145,0
DA:146,0
DA:149,0
DA:150,0
DA:151,0
DA:152,0
DA:154,0
DA:158,0
DA:159,0
DA:160,0
DA:163,0
DA:164,0
DA:167,0
DA:172,0
DA:173,0
DA:174,0
DA:175,0
DA:176,0
DA:182,0
DA:183,0
DA:188,0
DA:189,0
DA:190,0
DA:195,0
DA:199,0
DA:200,0
DA:206,0
DA:207,0
DA:210,0
DA:212,0
DA:213,0
DA:218,0
DA:219,0
DA:228,0
DA:229,0
DA:232,0
DA:233,0
DA:238,0
DA:239,0
DA:248,0
DA:249,0
DA:252,0
DA:253,0
DA:258,0
DA:259,0
DA:266,0
DA:267,0
DA:270,0
DA:271,0
DA:276,0
DA:279,0
DA:280,0
DA:281,0
DA:282,0
DA:283,0
DA:285,0
DA:286,0
DA:288,0
DA:289,0
DA:291,0
DA:292,0
DA:294,0
DA:295,0
DA:297,0
DA:298,0
DA:303,0
DA:306,0
DA:309,0
DA:312,0
DA:314,0
DA:315,0
DA:317,0
DA:321,0
DA:324,0
DA:325,0
DA:326,0
DA:329,0
DA:330,0
DA:333,0
DA:334,0
DA:335,0
DA:338,0
DA:339,0
DA:340,0
DA:343,0
DA:344,0
DA:345,0
DA:348,0
DA:349,0
DA:350,0
DA:354,0
LF:131
LH:0
BRDA:50,0,0,0
BRDA:72,1,0,0
BRDA:92,2,0,0
BRDA:112,3,0,0
BRDA:130,4,0,0
BRDA:172,5,0,0
BRDA:182,6,0,0
BRDA:182,7,0,0
BRDA:182,7,1,0
BRDA:188,8,0,0
BRDA:195,9,0,0
BRDA:195,9,1,0
BRDA:206,10,0,0
BRDA:228,11,0,0
BRDA:248,12,0,0
BRDA:266,13,0,0
BRDA:286,14,0,0
BRDA:289,15,0,0
BRDA:289,15,1,0
BRDA:289,15,2,0
BRDA:289,15,3,0
BRDA:289,15,4,0
BRDA:289,15,5,0
BRDA:289,15,6,0
BRDA:289,15,7,0
BRDA:298,16,0,0
BRDA:298,16,1,0
BRDA:334,17,0,0
BRDA:339,18,0,0
BRDA:344,19,0,0
BRF:30
BRH:0
end_of_record
TN:
SF:components/EquipmentBookingForm.tsx
FN:45,(anonymous_0)
FN:93,(anonymous_1)
FN:94,(anonymous_2)
FN:97,(anonymous_3)
FN:107,(anonymous_4)
FN:143,(anonymous_5)
FN:151,(anonymous_6)
FN:162,(anonymous_7)
FN:170,(anonymous_8)
FN:190,(anonymous_9)
FN:201,(anonymous_10)
FN:215,(anonymous_11)
FN:226,(anonymous_12)
FN:239,(anonymous_13)
FN:259,(anonymous_14)
FN:271,(anonymous_15)
FN:280,(anonymous_16)
FN:298,(anonymous_17)
FN:311,(anonymous_18)
FN:322,(anonymous_19)
FN:333,(anonymous_20)
FN:352,(anonymous_21)
FN:363,(anonymous_22)
FNF:23
FNH:0
FNDA:0,(anonymous_0)
FNDA:0,(anonymous_1)
FNDA:0,(anonymous_2)
FNDA:0,(anonymous_3)
FNDA:0,(anonymous_4)
FNDA:0,(anonymous_5)
FNDA:0,(anonymous_6)
FNDA:0,(anonymous_7)
FNDA:0,(anonymous_8)
FNDA:0,(anonymous_9)
FNDA:0,(anonymous_10)
FNDA:0,(anonymous_11)
FNDA:0,(anonymous_12)
FNDA:0,(anonymous_13)
FNDA:0,(anonymous_14)
FNDA:0,(anonymous_15)
FNDA:0,(anonymous_16)
FNDA:0,(anonymous_17)
FNDA:0,(anonymous_18)
FNDA:0,(anonymous_19)
FNDA:0,(anonymous_20)
FNDA:0,(anonymous_21)
FNDA:0,(anonymous_22)
DA:45,0
DA:50,0
DA:51,0
DA:74,0
DA:80,0
DA:87,0
DA:93,0
DA:94,0
DA:97,0
DA:98,0
DA:99,0
DA:100,0
DA:101,0
DA:102,0
DA:103,0
DA:107,0
DA:108,0
DA:109,0
DA:112,0
DA:143,0
DA:151,0
DA:162,0
DA:170,0
DA:191,0
DA:192,0
DA:202,0
DA:203,0
DA:216,0
DA:217,0
DA:227,0
DA:228,0
DA:239,0
DA:259,0
DA:271,0
DA:280,0
DA:298,0
DA:311,0
DA:322,0
DA:333,0
DA:352,0
DA:363,0
LF:41
LH:0
BRDA:68,0,0,0
BRDA:68,0,1,0
BRDA:98,1,0,0
BRDA:98,2,0,0
BRDA:98,2,1,0
BRDA:98,2,2,0
BRDA:98,2,3,0
BRDA:317,3,0,0
BRDA:317,3,1,0
BRF:9
BRH:0
end_of_record
TN:
SF:components/EventsAndOpportunities.tsx
FN:59,(anonymous_0)
FN:72,(anonymous_1)
FN:76,(anonymous_2)
FN:88,(anonymous_3)
FN:90,(anonymous_4)
FN:90,(anonymous_5)
FN:110,(anonymous_6)
FN:129,(anonymous_7)
FN:148,(anonymous_8)
FN:211,(anonymous_9)
FN:219,(anonymous_10)
FN:219,(anonymous_11)
FN:230,(anonymous_12)
FN:230,(anonymous_13)
FN:239,(anonymous_14)
FN:239,(anonymous_15)
FN:258,(anonymous_16)
FN:261,(anonymous_17)
FN:277,(anonymous_18)
FN:319,(anonymous_19)
FN:354,(anonymous_20)
FN:364,(anonymous_21)
FN:373,(anonymous_22)
FNF:23
FNH:0
FNDA:0,(anonymous_0)
FNDA:0,(anonymous_1)
FNDA:0,(anonymous_2)
FNDA:0,(anonymous_3)
FNDA:0,(anonymous_4)
FNDA:0,(anonymous_5)
FNDA:0,(anonymous_6)
FNDA:0,(anonymous_7)
FNDA:0,(anonymous_8)
FNDA:0,(anonymous_9)
FNDA:0,(anonymous_10)
FNDA:0,(anonymous_11)
FNDA:0,(anonymous_12)
FNDA:0,(anonymous_13)
FNDA:0,(anonymous_14)
FNDA:0,(anonymous_15)
FNDA:0,(anonymous_16)
FNDA:0,(anonymous_17)
FNDA:0,(anonymous_18)
FNDA:0,(anonymous_19)
FNDA:0,(anonymous_20)
FNDA:0,(anonymous_21)
FNDA:0,(anonymous_22)
DA:59,0
DA:60,0
DA:61,0
DA:62,0
DA:63,0
DA:64,0
DA:65,0
DA:72,0
DA:73,0
DA:76,0
DA:77,0
DA:78,0
DA:80,0
DA:82,0
DA:84,0
DA:88,0
DA:89,0
DA:90,0
DA:91,0
DA:92,0
DA:94,0
DA:96,0
DA:98,0
DA:100,0
DA:103,0
DA:106,0
DA:110,0
DA:111,0
DA:113,0
DA:115,0
DA:117,0
DA:119,0
DA:121,0
DA:123,0
DA:125,0
DA:129,0
DA:130,0
DA:132,0
DA:134,0
DA:136,0
DA:138,0
DA:140,0
DA:142,0
DA:144,0
DA:148,0
DA:149,0
DA:154,0
DA:156,0
DA:162,0
DA:165,0
DA:172,0
DA:173,0
DA:180,0
DA:211,0
DA:219,0
DA:230,0
DA:239,0
DA:259,0
DA:261,0
DA:278,0
DA:279,0
DA:320,0
DA:354,0
DA:364,0
DA:373,0
LF:65
LH:0
BRDA:91,0,0,0
BRDA:92,1,0,0
BRDA:92,1,1,0
BRDA:92,1,2,0
BRDA:92,1,3,0
BRDA:111,2,0,0
BRDA:111,2,1,0
BRDA:111,2,2,0
BRDA:111,2,3,0
BRDA:111,2,4,0
BRDA:111,2,5,0
BRDA:111,2,6,0
BRDA:130,3,0,0
BRDA:130,3,1,0
BRDA:130,3,2,0
BRDA:130,3,3,0
BRDA:130,3,4,0
BRDA:130,3,5,0
BRDA:130,3,6,0
BRDA:149,4,0,0
BRDA:149,4,1,0
BRDA:149,4,2,0
BRDA:149,4,3,0
BRDA:154,5,0,0
BRDA:154,5,1,0
BRDA:156,6,0,0
BRDA:156,6,1,0
BRDA:156,6,2,0
BRDA:156,6,3,0
BRDA:156,6,4,0
BRDA:156,6,5,0
BRDA:156,6,6,0
BRDA:156,6,7,0
BRDA:156,6,8,0
BRDA:156,6,9,0
BRDA:156,6,10,0
BRDA:156,6,11,0
BRDA:162,7,0,0
BRDA:162,7,1,0
BRDA:162,7,2,0
BRDA:172,8,0,0
BRDA:263,9,0,0
BRDA:263,9,1,0
BRDA:293,10,0,0
BRDA:293,10,1,0
BRDA:333,11,0,0
BRDA:333,11,1,0
BRDA:338,12,0,0
BRDA:338,12,1,0
BRDA:347,13,0,0
BRDA:347,13,1,0
BRDA:362,14,0,0
BRDA:362,14,1,0
BRDA:397,15,0,0
BRDA:397,15,1,0
BRF:55
BRH:0
end_of_record
TN:
SF:components/ExperimentDetailView.tsx
FN:45,(anonymous_0)
FN:63,(anonymous_1)
FN:68,(anonymous_2)
FN:77,(anonymous_3)
FN:86,(anonymous_4)
FN:91,(anonymous_5)
FN:98,(anonymous_6)
FN:101,(anonymous_7)
FN:101,(anonymous_8)
FN:107,(anonymous_9)
FN:119,(anonymous_10)
FN:124,(anonymous_11)
FN:131,(anonymous_12)
FN:144,(anonymous_13)
FN:154,(anonymous_14)
FN:164,(anonymous_15)
FN:210,(anonymous_16)
FN:214,(anonymous_17)
FN:227,(anonymous_18)
FN:230,(anonymous_19)
FN:325,(anonymous_20)
FN:338,(anonymous_21)
FN:365,(anonymous_22)
FN:373,(anonymous_23)
FN:381,(anonymous_24)
FN:396,(anonymous_25)
FN:411,(anonymous_26)
FN:485,(anonymous_27)
FN:485,(anonymous_28)
FN:490,(anonymous_29)
FN:490,(anonymous_30)
FN:495,(anonymous_31)
FN:495,(anonymous_32)
FN:503,(anonymous_33)
FN:536,(anonymous_34)
FN:558,(anonymous_35)
FN:609,(anonymous_36)
FN:609,(anonymous_37)
FN:625,(anonymous_38)
FN:625,(anonymous_39)
FN:634,(anonymous_40)
FN:634,(anonymous_41)
FN:641,(anonymous_42)
FN:641,(anonymous_43)
FN:653,(anonymous_44)
FN:705,(anonymous_45)
FN:705,(anonymous_46)
FN:712,(anonymous_47)
FN:712,(anonymous_48)
FN:723,(anonymous_49)
FNF:50
FNH:0
FNDA:0,(anonymous_0)
FNDA:0,(anonymous_1)
FNDA:0,(anonymous_2)
FNDA:0,(anonymous_3)
FNDA:0,(anonymous_4)
FNDA:0,(anonymous_5)
FNDA:0,(anonymous_6)
FNDA:0,(anonymous_7)
FNDA:0,(anonymous_8)
FNDA:0,(anonymous_9)
FNDA:0,(anonymous_10)
FNDA:0,(anonymous_11)
FNDA:0,(anonymous_12)
FNDA:0,(anonymous_13)
FNDA:0,(anonymous_14)
FNDA:0,(anonymous_15)
FNDA:0,(anonymous_16)
FNDA:0,(anonymous_17)
FNDA:0,(anonymous_18)
FNDA:0,(anonymous_19)
FNDA:0,(anonymous_20)
FNDA:0,(anonymous_21)
FNDA:0,(anonymous_22)
FNDA:0,(anonymous_23)
FNDA:0,(anonymous_24)
FNDA:0,(anonymous_25)
FNDA:0,(anonymous_26)
FNDA:0,(anonymous_27)
FNDA:0,(anonymous_28)
FNDA:0,(anonymous_29)
FNDA:0,(anonymous_30)
FNDA:0,(anonymous_31)
FNDA:0,(anonymous_32)
FNDA:0,(anonymous_33)
FNDA:0,(anonymous_34)
FNDA:0,(anonymous_35)
FNDA:0,(anonymous_36)
FNDA:0,(anonymous_37)
FNDA:0,(anonymous_38)
FNDA:0,(anonymous_39)
FNDA:0,(anonymous_40)
FNDA:0,(anonymous_41)
FNDA:0,(anonymous_42)
FNDA:0,(anonymous_43)
FNDA:0,(anonymous_44)
FNDA:0,(anonymous_45)
FNDA:0,(anonymous_46)
FNDA:0,(anonymous_47)
FNDA:0,(anonymous_48)
FNDA:0,(anonymous_49)
DA:45,0
DA:52,0
DA:53,0
DA:54,0
DA:55,0
DA:56,0
DA:57,0
DA:58,0
DA:59,0
DA:60,0
DA:61,0
DA:63,0
DA:64,0
DA:65,0
DA:68,0
DA:69,0
DA:70,0
DA:71,0
DA:73,0
DA:77,0
DA:78,0
DA:79,0
DA:80,0
DA:82,0
DA:86,0
DA:87,0
DA:89,0
DA:90,0
DA:91,0
DA:92,0
DA:94,0
DA:98,0
DA:99,0
DA:100,0
DA:101,0
DA:103,0
DA:107,0
DA:108,0
DA:110,0
DA:111,0
DA:112,0
DA:113,0
DA:115,0
DA:119,0
DA:120,0
DA:122,0
DA:123,0
DA:124,0
DA:125,0
DA:127,0
DA:131,0
DA:132,0
DA:133,0
DA:134,0
DA:135,0
DA:136,0
DA:137,0
DA:138,0
DA:139,0
DA:140,0
DA:144,0
DA:145,0
DA:146,0
DA:147,0
DA:148,0
DA:149,0
DA:150,0
DA:154,0
DA:155,0
DA:156,0
DA:157,0
DA:158,0
DA:159,0
DA:160,0
DA:164,0
DA:165,0
DA:176,0
DA:179,0
DA:187,0
DA:210,0
DA:214,0
DA:228,0
DA:230,0
DA:326,0
DA:339,0
DA:366,0
DA:374,0
DA:382,0
DA:397,0
DA:412,0
DA:485,0
DA:490,0
DA:495,0
DA:504,0
DA:536,0
DA:559,0
DA:609,0
DA:625,0
DA:634,0
DA:641,0
DA:654,0
DA:705,0
DA:712,0
DA:724,0
LF:104
LH:0
BRDA:87,0,0,0
BRDA:101,1,0,0
BRDA:101,1,1,0
BRDA:108,2,0,0
BRDA:120,3,0,0
BRDA:132,4,0,0
BRDA:132,4,1,0
BRDA:132,4,2,0
BRDA:132,4,3,0
BRDA:132,4,4,0
BRDA:132,4,5,0
BRDA:132,4,6,0
BRDA:132,4,7,0
BRDA:145,5,0,0
BRDA:145,5,1,0
BRDA:145,5,2,0
BRDA:145,5,3,0
BRDA:145,5,4,0
BRDA:155,6,0,0
BRDA:155,6,1,0
BRDA:155,6,2,0
BRDA:155,6,3,0
BRDA:155,6,4,0
BRDA:176,7,0,0
BRDA:176,7,1,0
BRDA:232,8,0,0
BRDA:232,8,1,0
BRDA:247,9,0,0
BRDA:247,9,1,0
BRDA:260,10,0,0
BRDA:260,10,1,0
BRDA:289,11,0,0
BRDA:289,11,1,0
BRDA:296,12,0,0
BRDA:296,12,1,0
BRDA:307,13,0,0
BRDA:307,13,1,0
BRDA:404,14,0,0
BRDA:404,14,1,0
BRDA:421,15,0,0
BRDA:421,15,1,0
BRDA:432,16,0,0
BRDA:432,16,1,0
BRDA:443,17,0,0
BRDA:443,17,1,0
BRDA:454,18,0,0
BRDA:454,18,1,0
BRDA:468,19,0,0
BRDA:468,19,1,0
BRDA:520,20,0,0
BRDA:520,20,1,0
BRDA:527,21,0,0
BRDA:527,21,1,0
BRDA:553,22,0,0
BRDA:553,22,1,0
BRDA:569,23,0,0
BRDA:569,23,1,0
BRDA:570,24,0,0
BRDA:570,24,1,0
BRDA:591,25,0,0
BRDA:591,25,1,0
BRDA:625,26,0,0
BRDA:625,26,1,0
BRDA:634,27,0,0
BRDA:634,27,1,0
BRDA:667,28,0,0
BRDA:667,28,1,0
BRDA:667,28,2,0
BRDA:669,29,0,0
BRDA:669,29,1,0
BRDA:672,30,0,0
BRDA:672,30,1,0
BRDA:687,31,0,0
BRDA:687,31,1,0
BRDA:733,32,0,0
BRDA:733,32,1,0
BRF:76
BRH:0
end_of_record
TN:
SF:components/ExperimentForm.tsx
FN:54,(anonymous_0)
FN:85,(anonymous_1)
FN:86,(anonymous_2)
FN:89,(anonymous_3)
FN:97,(anonymous_4)
FN:102,(anonymous_5)
FN:106,(anonymous_6)
FN:130,(anonymous_7)
FN:169,(anonymous_8)
FN:169,(anonymous_9)
FN:182,(anonymous_10)
FN:182,(anonymous_11)
FN:193,(anonymous_12)
FN:193,(anonymous_13)
FN:204,(anonymous_14)
FN:204,(anonymous_15)
FN:224,(anonymous_16)
FN:227,(anonymous_17)
FN:254,(anonymous_18)
FN:254,(anonymous_19)
FN:274,(anonymous_20)
FN:274,(anonymous_21)
FN:287,(anonymous_22)
FN:287,(anonymous_23)
FN:312,(anonymous_24)
FN:321,(anonymous_25)
FN:340,(anonymous_26)
FN:340,(anonymous_27)
FNF:28
FNH:0
FNDA:0,(anonymous_0)
FNDA:0,(anonymous_1)
FNDA:0,(anonymous_2)
FNDA:0,(anonymous_3)
FNDA:0,(anonymous_4)
FNDA:0,(anonymous_5)
FNDA:0,(anonymous_6)
FNDA:0,(anonymous_7)
FNDA:0,(anonymous_8)
FNDA:0,(anonymous_9)
FNDA:0,(anonymous_10)
FNDA:0,(anonymous_11)
FNDA:0,(anonymous_12)
FNDA:0,(anonymous_13)
FNDA:0,(anonymous_14)
FNDA:0,(anonymous_15)
FNDA:0,(anonymous_16)
FNDA:0,(anonymous_17)
FNDA:0,(anonymous_18)
FNDA:0,(anonymous_19)
FNDA:0,(anonymous_20)
FNDA:0,(anonymous_21)
FNDA:0,(anonymous_22)
FNDA:0,(anonymous_23)
FNDA:0,(anonymous_24)
FNDA:0,(anonymous_25)
FNDA:0,(anonymous_26)
FNDA:0,(anonymous_27)
DA:54,0
DA:61,0
DA:62,0
DA:63,0
DA:76,0
DA:78,0
DA:85,0
DA:86,0
DA:87,0
DA:88,0
DA:89,0
DA:97,0
DA:98,0
DA:99,0
DA:102,0
DA:103,0
DA:106,0
DA:107,0
DA:110,0
DA:131,0
DA:169,0
DA:182,0
DA:193,0
DA:204,0
DA:224,0
DA:228,0
DA:254,0
DA:274,0
DA:287,0
DA:312,0
DA:322,0
DA:323,0
DA:324,0
DA:340,0
LF:34
LH:0
BRDA:56,0,0,0
BRDA:59,1,0,0
BRDA:87,2,0,0
BRDA:103,3,0,0
BRDA:107,4,0,0
BRDA:117,5,0,0
BRDA:117,5,1,0
BRDA:133,6,0,0
BRDA:133,6,1,0
BRDA:141,7,0,0
BRDA:141,7,1,0
BRDA:147,8,0,0
BRDA:147,8,1,0
BRDA:149,9,0,0
BRDA:149,9,1,0
BRDA:159,10,0,0
BRDA:159,10,1,0
BRDA:214,11,0,0
BRDA:214,11,1,0
BRDA:235,12,0,0
BRDA:235,12,1,0
BRDA:264,13,0,0
BRDA:264,13,1,0
BRDA:297,14,0,0
BRDA:297,14,1,0
BRDA:376,15,0,0
BRDA:376,15,1,0
BRDA:379,16,0,0
BRDA:379,16,1,0
BRDA:384,17,0,0
BRDA:384,17,1,0
BRDA:387,18,0,0
BRDA:387,18,1,0
BRDA:392,19,0,0
BRDA:392,19,1,0
BRDA:400,20,0,0
BRDA:400,20,1,0
BRDA:408,21,0,0
BRDA:408,21,1,0
BRDA:416,22,0,0
BRDA:416,22,1,0
BRDA:424,23,0,0
BRDA:424,23,1,0
BRDA:441,24,0,0
BRDA:441,24,1,0
BRDA:461,25,0,0
BRDA:461,25,1,0
BRDA:473,26,0,0
BRDA:473,26,1,0
BRF:49
BRH:0
end_of_record
TN:
SF:components/ExportService.tsx
FN:30,(anonymous_0)
FN:65,(anonymous_1)
FN:96,(anonymous_2)
FN:209,(anonymous_3)
FN:224,(anonymous_4)
FN:237,(anonymous_5)
FN:245,(anonymous_6)
FN:246,(anonymous_7)
FN:254,(anonymous_8)
FN:306,(anonymous_9)
FN:317,(anonymous_10)
FN:322,(anonymous_11)
FN:327,(anonymous_12)
FN:350,(anonymous_13)
FN:352,(anonymous_14)
FNF:15
FNH:0
FNDA:0,(anonymous_0)
FNDA:0,(anonymous_1)
FNDA:0,(anonymous_2)
FNDA:0,(anonymous_3)
FNDA:0,(anonymous_4)
FNDA:0,(anonymous_5)
FNDA:0,(anonymous_6)
FNDA:0,(anonymous_7)
FNDA:0,(anonymous_8)
FNDA:0,(anonymous_9)
FNDA:0,(anonymous_10)
FNDA:0,(anonymous_11)
FNDA:0,(anonymous_12)
FNDA:0,(anonymous_13)
FNDA:0,(anonymous_14)
DA:36,0
DA:42,0
DA:43,0
DA:44,0
DA:45,0
DA:46,0
DA:49,0
DA:50,0
DA:51,0
DA:53,0
DA:54,0
DA:55,0
DA:58,0
DA:61,0
DA:65,0
DA:66,0
DA:67,0
DA:71,0
DA:72,0
DA:73,0
DA:76,0
DA:77,0
DA:78,0
DA:79,0
DA:82,0
DA:83,0
DA:84,0
DA:85,0
DA:88,0
DA:89,0
DA:90,0
DA:93,0
DA:102,0
DA:104,0
DA:209,0
DA:221,0
DA:225,0
DA:234,0
DA:238,0
DA:245,0
DA:246,0
DA:247,0
DA:248,0
DA:255,0
DA:303,0
DA:307,0
DA:308,0
DA:309,0
DA:310,0
DA:311,0
DA:312,0
DA:313,0
DA:314,0
DA:318,0
DA:319,0
DA:323,0
DA:324,0
DA:328,0
DA:329,0
DA:330,0
DA:331,0
DA:332,0
DA:334,0
DA:340,0
DA:342,0
DA:346,0
DA:351,0
DA:352,0
DA:353,0
DA:357,0
DA:358,0
DA:359,0
DA:360,0
DA:361,0
DA:362,0
DA:367,0
LF:76
LH:0
BRDA:30,0,0,0
BRDA:66,1,0,0
BRDA:96,2,0,0
BRDA:247,3,0,0
BRDA:303,4,0,0
BRDA:303,4,1,0
BRDA:328,5,0,0
BRDA:328,5,1,0
BRDA:351,6,0,0
BRDA:351,6,1,0
BRF:10
BRH:0
end_of_record
TN:
SF:components/IdeaForm.tsx
FN:42,(anonymous_0)
FN:108,(anonymous_1)
FN:109,(anonymous_2)
FN:112,(anonymous_3)
FN:114,(anonymous_4)
FN:121,(anonymous_5)
FN:122,(anonymous_6)
FN:124,(anonymous_7)
FN:128,(anonymous_8)
FN:163,(anonymous_9)
FN:172,(anonymous_10)
FN:184,(anonymous_11)
FN:192,(anonymous_12)
FN:211,(anonymous_13)
FN:219,(anonymous_14)
FN:230,(anonymous_15)
FN:238,(anonymous_16)
FN:254,(anonymous_17)
FN:258,(anonymous_18)
FN:268,(anonymous_19)
FN:278,(anonymous_20)
FN:278,(anonymous_21)
FN:284,(anonymous_22)
FN:286,(anonymous_23)
FN:296,(anonymous_24)
FN:300,(anonymous_25)
FN:310,(anonymous_26)
FN:320,(anonymous_27)
FN:320,(anonymous_28)
FN:326,(anonymous_29)
FN:328,(anonymous_30)
FN:347,(anonymous_31)
FN:352,(anonymous_32)
FN:363,(anonymous_33)
FN:363,(anonymous_34)
FN:369,(anonymous_35)
FN:371,(anonymous_36)
FN:383,(anonymous_37)
FN:394,(anonymous_38)
FNF:39
FNH:0
FNDA:0,(anonymous_0)
FNDA:0,(anonymous_1)
FNDA:0,(anonymous_2)
FNDA:0,(anonymous_3)
FNDA:0,(anonymous_4)
FNDA:0,(anonymous_5)
FNDA:0,(anonymous_6)
FNDA:0,(anonymous_7)
FNDA:0,(anonymous_8)
FNDA:0,(anonymous_9)
FNDA:0,(anonymous_10)
FNDA:0,(anonymous_11)
FNDA:0,(anonymous_12)
FNDA:0,(anonymous_13)
FNDA:0,(anonymous_14)
FNDA:0,(anonymous_15)
FNDA:0,(anonymous_16)
FNDA:0,(anonymous_17)
FNDA:0,(anonymous_18)
FNDA:0,(anonymous_19)
FNDA:0,(anonymous_20)
FNDA:0,(anonymous_21)
FNDA:0,(anonymous_22)
FNDA:0,(anonymous_23)
FNDA:0,(anonymous_24)
FNDA:0,(anonymous_25)
FNDA:0,(anonymous_26)
FNDA:0,(anonymous_27)
FNDA:0,(anonymous_28)
FNDA:0,(anonymous_29)
FNDA:0,(anonymous_30)
FNDA:0,(anonymous_31)
FNDA:0,(anonymous_32)
FNDA:0,(anonymous_33)
FNDA:0,(anonymous_34)
FNDA:0,(anonymous_35)
FNDA:0,(anonymous_36)
FNDA:0,(anonymous_37)
FNDA:0,(anonymous_38)
DA:42,0
DA:47,0
DA:48,0
DA:67,0
DA:74,0
DA:83,0
DA:90,0
DA:96,0
DA:102,0
DA:108,0
DA:109,0
DA:112,0
DA:113,0
DA:114,0
DA:121,0
DA:122,0
DA:124,0
DA:128,0
DA:129,0
DA:130,0
DA:133,0
DA:163,0
DA:172,0
DA:184,0
DA:192,0
DA:211,0
DA:219,0
DA:230,0
DA:238,0
DA:255,0
DA:259,0
DA:260,0
DA:261,0
DA:268,0
DA:278,0
DA:285,0
DA:286,0
DA:297,0
DA:301,0
DA:302,0
DA:303,0
DA:310,0
DA:320,0
DA:327,0
DA:328,0
DA:348,0
DA:352,0
DA:363,0
DA:370,0
DA:371,0
DA:383,0
DA:394,0
LF:52
LH:0
BRDA:113,0,0,0
BRF:1
BRH:0
end_of_record
TN:
SF:components/InstrumentBookingCalendar.tsx
FN:39,(anonymous_0)
FN:69,(anonymous_1)
FN:80,(anonymous_2)
FN:100,(anonymous_3)
FN:108,(anonymous_4)
FN:110,(anonymous_5)
FN:121,(anonymous_6)
FN:168,(anonymous_7)
FN:169,(anonymous_8)
FN:183,(anonymous_9)
FN:184,(anonymous_10)
FN:198,(anonymous_11)
FN:209,(anonymous_12)
FN:218,(anonymous_13)
FN:248,(anonymous_14)
FN:251,(anonymous_15)
FN:300,(anonymous_16)
FN:310,(anonymous_17)
FN:317,(anonymous_18)
FN:344,(anonymous_19)
FN:361,(anonymous_20)
FN:404,(anonymous_21)
FN:416,(anonymous_22)
FN:426,(anonymous_23)
FN:441,(anonymous_24)
FN:455,(anonymous_25)
FN:471,(anonymous_26)
FNF:27
FNH:0
FNDA:0,(anonymous_0)
FNDA:0,(anonymous_1)
FNDA:0,(anonymous_2)
FNDA:0,(anonymous_3)
FNDA:0,(anonymous_4)
FNDA:0,(anonymous_5)
FNDA:0,(anonymous_6)
FNDA:0,(anonymous_7)
FNDA:0,(anonymous_8)
FNDA:0,(anonymous_9)
FNDA:0,(anonymous_10)
FNDA:0,(anonymous_11)
FNDA:0,(anonymous_12)
FNDA:0,(anonymous_13)
FNDA:0,(anonymous_14)
FNDA:0,(anonymous_15)
FNDA:0,(anonymous_16)
FNDA:0,(anonymous_17)
FNDA:0,(anonymous_18)
FNDA:0,(anonymous_19)
FNDA:0,(anonymous_20)
FNDA:0,(anonymous_21)
FNDA:0,(anonymous_22)
FNDA:0,(anonymous_23)
FNDA:0,(anonymous_24)
FNDA:0,(anonymous_25)
FNDA:0,(anonymous_26)
DA:39,0
DA:45,0
DA:46,0
DA:47,0
DA:48,0
DA:49,0
DA:50,0
DA:51,0
DA:52,0
DA:54,0
DA:66,0
DA:69,0
DA:70,0
DA:71,0
DA:72,0
DA:73,0
DA:74,0
DA:76,0
DA:80,0
DA:81,0
DA:83,0
DA:84,0
DA:86,0
DA:87,0
DA:88,0
DA:89,0
DA:90,0
DA:91,0
DA:93,0
DA:95,0
DA:100,0
DA:101,0
DA:102,0
DA:103,0
DA:104,0
DA:108,0
DA:109,0
DA:110,0
DA:117,0
DA:121,0
DA:122,0
DA:124,0
DA:125,0
DA:126,0
DA:129,0
DA:130,0
DA:132,0
DA:133,0
DA:136,0
DA:139,0
DA:140,0
DA:141,0
DA:153,0
DA:156,0
DA:157,0
DA:158,0
DA:161,0
DA:163,0
DA:168,0
DA:169,0
DA:170,0
DA:171,0
DA:172,0
DA:173,0
DA:175,0
DA:183,0
DA:184,0
DA:185,0
DA:186,0
DA:187,0
DA:188,0
DA:190,0
DA:198,0
DA:199,0
DA:200,0
DA:202,0
DA:203,0
DA:205,0
DA:209,0
DA:210,0
DA:218,0
DA:219,0
DA:220,0
DA:223,0
DA:249,0
DA:251,0
DA:300,0
DA:311,0
DA:312,0
DA:314,0
DA:317,0
DA:345,0
DA:362,0
DA:404,0
DA:416,0
DA:426,0
DA:441,0
DA:455,0
DA:471,0
LF:99
LH:0
BRDA:81,0,0,0
BRDA:89,1,0,0
BRDA:89,1,1,0
BRDA:90,2,0,0
BRDA:90,2,1,0
BRDA:91,3,0,0
BRDA:91,3,1,0
BRDA:93,4,0,0
BRDA:93,4,1,0
BRDA:124,5,0,0
BRDA:156,6,0,0
BRDA:161,7,0,0
BRDA:161,7,1,0
BRDA:176,8,0,0
BRDA:176,8,1,0
BRDA:176,8,2,0
BRDA:176,8,3,0
BRDA:191,9,0,0
BRDA:191,9,1,0
BRDA:191,9,2,0
BRDA:191,9,3,0
BRDA:199,10,0,0
BRDA:202,11,0,0
BRDA:253,12,0,0
BRDA:253,12,1,0
BRDA:273,13,0,0
BRDA:273,13,1,0
BRDA:290,14,0,0
BRDA:290,14,1,0
BRDA:295,15,0,0
BRDA:295,15,1,0
BRDA:317,16,0,0
BRDA:317,16,1,0
BRDA:320,17,0,0
BRDA:320,17,1,0
BRDA:340,18,0,0
BRDA:340,18,1,0
BRDA:357,19,0,0
BRDA:357,19,1,0
BRDA:373,20,0,0
BRDA:373,20,1,0
BRDA:388,21,0,0
BRDA:388,21,1,0
BRDA:388,21,2,0
BRDA:462,22,0,0
BRDA:462,22,1,0
BRDA:481,23,0,0
BRDA:481,23,1,0
BRF:48
BRH:0
end_of_record
TN:
SF:components/InventoryForm.tsx
FN:45,(anonymous_0)
FN:99,(anonymous_1)
FN:100,(anonymous_2)
FN:103,(anonymous_3)
FN:105,(anonymous_4)
FN:113,(anonymous_5)
FN:114,(anonymous_6)
FN:116,(anonymous_7)
FN:120,(anonymous_8)
FN:155,(anonymous_9)
FN:164,(anonymous_10)
FN:176,(anonymous_11)
FN:184,(anonymous_12)
FN:204,(anonymous_13)
FN:213,(anonymous_14)
FN:222,(anonymous_15)
FN:243,(anonymous_16)
FN:251,(anonymous_17)
FN:261,(anonymous_18)
FN:272,(anonymous_19)
FN:283,(anonymous_20)
FN:300,(anonymous_21)
FN:309,(anonymous_22)
FN:320,(anonymous_23)
FN:338,(anonymous_24)
FN:343,(anonymous_25)
FN:354,(anonymous_26)
FN:371,(anonymous_27)
FNF:28
FNH:0
FNDA:0,(anonymous_0)
FNDA:0,(anonymous_1)
FNDA:0,(anonymous_2)
FNDA:0,(anonymous_3)
FNDA:0,(anonymous_4)
FNDA:0,(anonymous_5)
FNDA:0,(anonymous_6)
FNDA:0,(anonymous_7)
FNDA:0,(anonymous_8)
FNDA:0,(anonymous_9)
FNDA:0,(anonymous_10)
FNDA:0,(anonymous_11)
FNDA:0,(anonymous_12)
FNDA:0,(anonymous_13)
FNDA:0,(anonymous_14)
FNDA:0,(anonymous_15)
FNDA:0,(anonymous_16)
FNDA:0,(anonymous_17)
FNDA:0,(anonymous_18)
FNDA:0,(anonymous_19)
FNDA:0,(anonymous_20)
FNDA:0,(anonymous_21)
FNDA:0,(anonymous_22)
FNDA:0,(anonymous_23)
FNDA:0,(anonymous_24)
FNDA:0,(anonymous_25)
FNDA:0,(anonymous_26)
FNDA:0,(anonymous_27)
DA:45,0
DA:50,0
DA:51,0
DA:73,0
DA:75,0
DA:86,0
DA:99,0
DA:100,0
DA:103,0
DA:104,0
DA:105,0
DA:109,0
DA:113,0
DA:114,0
DA:116,0
DA:120,0
DA:121,0
DA:122,0
DA:125,0
DA:155,0
DA:164,0
DA:176,0
DA:184,0
DA:204,0
DA:213,0
DA:222,0
DA:243,0
DA:251,0
DA:261,0
DA:272,0
DA:283,0
DA:300,0
DA:309,0
DA:320,0
DA:339,0
DA:343,0
DA:354,0
DA:371,0
LF:38
LH:0
BRDA:104,0,0,0
BRF:1
BRH:0
end_of_record
TN:
SF:components/LabCreationWizard.tsx
FN:56,(anonymous_0)
FN:95,(anonymous_1)
FN:96,(anonymous_2)
FN:105,(anonymous_3)
FN:110,(anonymous_4)
FN:112,(anonymous_5)
FN:119,(anonymous_6)
FN:120,(anonymous_7)
FN:122,(anonymous_8)
FN:126,(anonymous_9)
FN:153,(anonymous_10)
FN:159,(anonymous_11)
FN:165,(anonymous_12)
FN:184,(anonymous_13)
FN:196,(anonymous_14)
FN:208,(anonymous_15)
FN:227,(anonymous_16)
FN:240,(anonymous_17)
FN:258,(anonymous_18)
FN:294,(anonymous_19)
FN:306,(anonymous_20)
FN:320,(anonymous_21)
FN:341,(anonymous_22)
FN:350,(anonymous_23)
FN:363,(anonymous_24)
FN:370,(anonymous_25)
FN:392,(anonymous_26)
FN:410,(anonymous_27)
FN:424,(anonymous_28)
FN:462,(anonymous_29)
FN:503,(anonymous_30)
FNF:31
FNH:0
FNDA:0,(anonymous_0)
FNDA:0,(anonymous_1)
FNDA:0,(anonymous_2)
FNDA:0,(anonymous_3)
FNDA:0,(anonymous_4)
FNDA:0,(anonymous_5)
FNDA:0,(anonymous_6)
FNDA:0,(anonymous_7)
FNDA:0,(anonymous_8)
FNDA:0,(anonymous_9)
FNDA:0,(anonymous_10)
FNDA:0,(anonymous_11)
FNDA:0,(anonymous_12)
FNDA:0,(anonymous_13)
FNDA:0,(anonymous_14)
FNDA:0,(anonymous_15)
FNDA:0,(anonymous_16)
FNDA:0,(anonymous_17)
FNDA:0,(anonymous_18)
FNDA:0,(anonymous_19)
FNDA:0,(anonymous_20)
FNDA:0,(anonymous_21)
FNDA:0,(anonymous_22)
FNDA:0,(anonymous_23)
FNDA:0,(anonymous_24)
FNDA:0,(anonymous_25)
FNDA:0,(anonymous_26)
FNDA:0,(anonymous_27)
FNDA:0,(anonymous_28)
FNDA:0,(anonymous_29)
FNDA:0,(anonymous_30)
DA:56,0
DA:57,0
DA:58,0
DA:59,0
DA:60,0
DA:67,0
DA:86,0
DA:95,0
DA:96,0
DA:99,0
DA:100,0
DA:101,0
DA:104,0
DA:105,0
DA:110,0
DA:111,0
DA:112,0
DA:119,0
DA:120,0
DA:122,0
DA:126,0
DA:127,0
DA:128,0
DA:129,0
DA:138,0
DA:139,0
DA:140,0
DA:142,0
DA:143,0
DA:146,0
DA:147,0
DA:149,0
DA:153,0
DA:154,0
DA:155,0
DA:159,0
DA:160,0
DA:161,0
DA:165,0
DA:166,0
DA:168,0
DA:170,0
DA:172,0
DA:174,0
DA:176,0
DA:178,0
DA:180,0
DA:184,0
DA:185,0
DA:187,0
DA:196,0
DA:208,0
DA:218,0
DA:227,0
DA:240,0
DA:249,0
DA:258,0
DA:294,0
DA:306,0
DA:320,0
DA:329,0
DA:342,0
DA:343,0
DA:344,0
DA:345,0
DA:351,0
DA:352,0
DA:353,0
DA:354,0
DA:364,0
DA:370,0
DA:384,0
DA:392,0
DA:410,0
DA:424,0
DA:433,0
DA:463,0
DA:484,0
DA:488,0
DA:504,0
LF:80
LH:0
BRDA:79,0,0,0
BRDA:79,0,1,0
BRDA:99,1,0,0
BRDA:104,2,0,0
BRDA:104,3,0,0
BRDA:104,3,1,0
BRDA:111,4,0,0
BRDA:138,5,0,0
BRDA:138,5,1,0
BRDA:154,6,0,0
BRDA:160,7,0,0
BRDA:166,8,0,0
BRDA:166,8,1,0
BRDA:166,8,2,0
BRDA:166,8,3,0
BRDA:166,8,4,0
BRDA:166,8,5,0
BRDA:166,8,6,0
BRDA:168,9,0,0
BRDA:168,9,1,0
BRDA:170,10,0,0
BRDA:170,10,1,0
BRDA:172,11,0,0
BRDA:172,11,1,0
BRDA:176,12,0,0
BRDA:176,12,1,0
BRDA:185,13,0,0
BRDA:185,13,1,0
BRDA:185,13,2,0
BRDA:185,13,3,0
BRDA:185,13,4,0
BRDA:185,13,5,0
BRDA:185,13,6,0
BRDA:262,14,0,0
BRDA:262,14,1,0
BRDA:264,15,0,0
BRDA:264,15,1,0
BRDA:269,16,0,0
BRDA:269,16,1,0
BRDA:275,17,0,0
BRDA:275,17,1,0
BRDA:277,18,0,0
BRDA:277,18,1,0
BRDA:342,19,0,0
BRDA:352,20,0,0
BRDA:453,21,0,0
BRDA:453,21,1,0
BRDA:454,22,0,0
BRDA:454,22,1,0
BRDA:455,23,0,0
BRDA:455,23,1,0
BRDA:506,24,0,0
BRDA:506,24,1,0
BRDA:510,25,0,0
BRDA:510,25,1,0
BRDA:518,26,0,0
BRDA:518,26,1,0
BRDA:524,27,0,0
BRDA:524,27,1,0
BRDA:526,28,0,0
BRDA:526,28,1,0
BRDA:542,29,0,0
BRDA:542,29,1,0
BRDA:555,30,0,0
BRDA:555,30,1,0
BRDA:561,31,0,0
BRDA:561,31,1,0
BRDA:573,32,0,0
BRDA:573,32,1,0
BRDA:576,33,0,0
BRDA:576,33,1,0
BRF:71
BRH:0
end_of_record
TN:
SF:components/LinkedInStyleNetworking.tsx
FN:65,(anonymous_0)
FN:73,(anonymous_1)
FN:78,(anonymous_2)
FN:93,(anonymous_3)
FN:123,(anonymous_4)
FN:128,(anonymous_5)
FN:133,(anonymous_6)
FN:134,(anonymous_7)
FN:135,(anonymous_8)
FN:155,(anonymous_9)
FN:156,(anonymous_10)
FN:157,(anonymous_11)
FN:177,(anonymous_12)
FN:181,(anonymous_13)
FN:184,(anonymous_14)
FN:189,(anonymous_15)
FN:192,(anonymous_16)
FN:208,(anonymous_17)
FN:238,(anonymous_18)
FN:247,(anonymous_19)
FN:257,(anonymous_20)
FN:266,(anonymous_21)
FN:283,(anonymous_22)
FN:305,(anonymous_23)
FN:320,(anonymous_24)
FN:338,(anonymous_25)
FN:348,(anonymous_26)
FN:357,(anonymous_27)
FN:414,(anonymous_28)
FN:422,(anonymous_29)
FN:430,(anonymous_30)
FN:438,(anonymous_31)
FNF:32
FNH:0
FNDA:0,(anonymous_0)
FNDA:0,(anonymous_1)
FNDA:0,(anonymous_2)
FNDA:0,(anonymous_3)
FNDA:0,(anonymous_4)
FNDA:0,(anonymous_5)
FNDA:0,(anonymous_6)
FNDA:0,(anonymous_7)
FNDA:0,(anonymous_8)
FNDA:0,(anonymous_9)
FNDA:0,(anonymous_10)
FNDA:0,(anonymous_11)
FNDA:0,(anonymous_12)
FNDA:0,(anonymous_13)
FNDA:0,(anonymous_14)
FNDA:0,(anonymous_15)
FNDA:0,(anonymous_16)
FNDA:0,(anonymous_17)
FNDA:0,(anonymous_18)
FNDA:0,(anonymous_19)
FNDA:0,(anonymous_20)
FNDA:0,(anonymous_21)
FNDA:0,(anonymous_22)
FNDA:0,(anonymous_23)
FNDA:0,(anonymous_24)
FNDA:0,(anonymous_25)
FNDA:0,(anonymous_26)
FNDA:0,(anonymous_27)
FNDA:0,(anonymous_28)
FNDA:0,(anonymous_29)
FNDA:0,(anonymous_30)
FNDA:0,(anonymous_31)
DA:65,0
DA:66,0
DA:67,0
DA:68,0
DA:69,0
DA:70,0
DA:71,0
DA:73,0
DA:74,0
DA:75,0
DA:78,0
DA:79,0
DA:80,0
DA:82,0
DA:88,0
DA:89,0
DA:90,0
DA:93,0
DA:110,0
DA:112,0
DA:113,0
DA:116,0
DA:117,0
DA:119,0
DA:123,0
DA:125,0
DA:128,0
DA:130,0
DA:133,0
DA:134,0
DA:135,0
DA:136,0
DA:137,0
DA:139,0
DA:141,0
DA:143,0
DA:145,0
DA:147,0
DA:150,0
DA:155,0
DA:156,0
DA:157,0
DA:158,0
DA:159,0
DA:161,0
DA:163,0
DA:165,0
DA:167,0
DA:169,0
DA:172,0
DA:177,0
DA:178,0
DA:181,0
DA:184,0
DA:185,0
DA:189,0
DA:192,0
DA:193,0
DA:209,0
DA:238,0
DA:247,0
DA:257,0
DA:266,0
DA:283,0
DA:284,0
DA:306,0
DA:320,0
DA:338,0
DA:348,0
DA:357,0
DA:375,0
DA:376,0
DA:383,0
DA:414,0
DA:422,0
DA:430,0
DA:438,0
LF:77
LH:0
BRDA:88,0,0,0
BRDA:88,0,1,0
BRDA:90,1,0,0
BRDA:90,1,1,0
BRDA:97,2,0,0
BRDA:97,2,1,0
BRDA:98,3,0,0
BRDA:98,3,1,0
BRDA:104,4,0,0
BRDA:104,4,1,0
BRDA:136,5,0,0
BRDA:137,6,0,0
BRDA:137,6,1,0
BRDA:137,6,2,0
BRDA:137,6,3,0
BRDA:137,6,4,0
BRDA:158,7,0,0
BRDA:159,8,0,0
BRDA:159,8,1,0
BRDA:159,8,2,0
BRDA:159,8,3,0
BRDA:159,8,4,0
BRDA:178,9,0,0
BRDA:178,9,1,0
BRDA:178,9,2,0
BRDA:178,9,3,0
BRDA:185,10,0,0
BRDA:185,10,1,0
BRDA:185,10,2,0
BRDA:185,10,3,0
BRDA:185,10,4,0
BRDA:223,11,0,0
BRDA:223,11,1,0
BRDA:236,12,0,0
BRDA:236,12,1,0
BRDA:255,13,0,0
BRDA:255,13,1,0
BRDA:298,14,0,0
BRDA:298,14,1,0
BRDA:318,15,0,0
BRDA:318,15,1,0
BRDA:327,16,0,0
BRDA:327,16,1,0
BRDA:346,17,0,0
BRDA:346,17,1,0
BRDA:375,18,0,0
BRDA:423,19,0,0
BRDA:423,19,1,0
BRDA:431,20,0,0
BRDA:431,20,1,0
BRDA:439,21,0,0
BRDA:439,21,1,0
BRDA:451,22,0,0
BRDA:451,22,1,0
BRDA:451,22,2,0
BRDA:466,23,0,0
BRDA:466,23,1,0
BRDA:466,23,2,0
BRF:58
BRH:0
end_of_record
TN:
SF:components/MeetingForm.tsx
FN:59,(anonymous_0)
FN:100,(anonymous_1)
FN:101,(anonymous_2)
FN:104,(anonymous_3)
FN:106,(anonymous_4)
FN:113,(anonymous_5)
FN:114,(anonymous_6)
FN:116,(anonymous_7)
FN:120,(anonymous_8)
FN:121,(anonymous_9)
FN:132,(anonymous_10)
FN:133,(anonymous_11)
FN:135,(anonymous_12)
FN:141,(anonymous_13)
FN:142,(anonymous_14)
FN:144,(anonymous_15)
FN:148,(anonymous_16)
FN:149,(anonymous_17)
FN:161,(anonymous_18)
FN:162,(anonymous_19)
FN:164,(anonymous_20)
FN:170,(anonymous_21)
FN:171,(anonymous_22)
FN:173,(anonymous_23)
FN:177,(anonymous_24)
FN:212,(anonymous_25)
FN:221,(anonymous_26)
FN:233,(anonymous_27)
FN:241,(anonymous_28)
FN:253,(anonymous_29)
FN:261,(anonymous_30)
FN:269,(anonymous_31)
FN:282,(anonymous_32)
FN:286,(anonymous_33)
FN:296,(anonymous_34)
FN:306,(anonymous_35)
FN:306,(anonymous_36)
FN:312,(anonymous_37)
FN:314,(anonymous_38)
FN:329,(anonymous_39)
FN:334,(anonymous_40)
FN:340,(anonymous_41)
FN:346,(anonymous_42)
FN:355,(anonymous_43)
FN:362,(anonymous_44)
FN:385,(anonymous_45)
FN:390,(anonymous_46)
FN:395,(anonymous_47)
FN:401,(anonymous_48)
FN:407,(anonymous_49)
FN:416,(anonymous_50)
FN:425,(anonymous_51)
FN:454,(anonymous_52)
FN:458,(anonymous_53)
FN:468,(anonymous_54)
FN:478,(anonymous_55)
FN:478,(anonymous_56)
FN:484,(anonymous_57)
FN:486,(anonymous_58)
FN:499,(anonymous_59)
FN:507,(anonymous_60)
FN:525,(anonymous_61)
FN:530,(anonymous_62)
FN:541,(anonymous_63)
FN:541,(anonymous_64)
FN:547,(anonymous_65)
FN:549,(anonymous_66)
FN:561,(anonymous_67)
FNF:68
FNH:0
FNDA:0,(anonymous_0)
FNDA:0,(anonymous_1)
FNDA:0,(anonymous_2)
FNDA:0,(anonymous_3)
FNDA:0,(anonymous_4)
FNDA:0,(anonymous_5)
FNDA:0,(anonymous_6)
FNDA:0,(anonymous_7)
FNDA:0,(anonymous_8)
FNDA:0,(anonymous_9)
FNDA:0,(anonymous_10)
FNDA:0,(anonymous_11)
FNDA:0,(anonymous_12)
FNDA:0,(anonymous_13)
FNDA:0,(anonymous_14)
FNDA:0,(anonymous_15)
FNDA:0,(anonymous_16)
FNDA:0,(anonymous_17)
FNDA:0,(anonymous_18)
FNDA:0,(anonymous_19)
FNDA:0,(anonymous_20)
FNDA:0,(anonymous_21)
FNDA:0,(anonymous_22)
FNDA:0,(anonymous_23)
FNDA:0,(anonymous_24)
FNDA:0,(anonymous_25)
FNDA:0,(anonymous_26)
FNDA:0,(anonymous_27)
FNDA:0,(anonymous_28)
FNDA:0,(anonymous_29)
FNDA:0,(anonymous_30)
FNDA:0,(anonymous_31)
FNDA:0,(anonymous_32)
FNDA:0,(anonymous_33)
FNDA:0,(anonymous_34)
FNDA:0,(anonymous_35)
FNDA:0,(anonymous_36)
FNDA:0,(anonymous_37)
FNDA:0,(anonymous_38)
FNDA:0,(anonymous_39)
FNDA:0,(anonymous_40)
FNDA:0,(anonymous_41)
FNDA:0,(anonymous_42)
FNDA:0,(anonymous_43)
FNDA:0,(anonymous_44)
FNDA:0,(anonymous_45)
FNDA:0,(anonymous_46)
FNDA:0,(anonymous_47)
FNDA:0,(anonymous_48)
FNDA:0,(anonymous_49)
FNDA:0,(anonymous_50)
FNDA:0,(anonymous_51)
FNDA:0,(anonymous_52)
FNDA:0,(anonymous_53)
FNDA:0,(anonymous_54)
FNDA:0,(anonymous_55)
FNDA:0,(anonymous_56)
FNDA:0,(anonymous_57)
FNDA:0,(anonymous_58)
FNDA:0,(anonymous_59)
FNDA:0,(anonymous_60)
FNDA:0,(anonymous_61)
FNDA:0,(anonymous_62)
FNDA:0,(anonymous_63)
FNDA:0,(anonymous_64)
FNDA:0,(anonymous_65)
FNDA:0,(anonymous_66)
FNDA:0,(anonymous_67)
DA:59,0
DA:64,0
DA:65,0
DA:85,0
DA:91,0
DA:100,0
DA:101,0
DA:104,0
DA:105,0
DA:106,0
DA:113,0
DA:114,0
DA:116,0
DA:120,0
DA:121,0
DA:132,0
DA:133,0
DA:136,0
DA:141,0
DA:142,0
DA:144,0
DA:148,0
DA:149,0
DA:161,0
DA:162,0
DA:165,0
DA:170,0
DA:171,0
DA:173,0
DA:177,0
DA:178,0
DA:179,0
DA:182,0
DA:212,0
DA:221,0
DA:233,0
DA:241,0
DA:253,0
DA:261,0
DA:269,0
DA:283,0
DA:287,0
DA:288,0
DA:289,0
DA:296,0
DA:306,0
DA:313,0
DA:314,0
DA:330,0
DA:334,0
DA:340,0
DA:346,0
DA:355,0
DA:362,0
DA:386,0
DA:390,0
DA:395,0
DA:401,0
DA:407,0
DA:416,0
DA:425,0
DA:455,0
DA:459,0
DA:460,0
DA:461,0
DA:468,0
DA:478,0
DA:485,0
DA:486,0
DA:499,0
DA:507,0
DA:526,0
DA:530,0
DA:541,0
DA:548,0
DA:549,0
DA:561,0
LF:77
LH:0
BRDA:105,0,0,0
BRDA:136,1,0,0
BRDA:136,1,1,0
BRDA:165,2,0,0
BRDA:165,2,1,0
BRDA:361,3,0,0
BRDA:361,3,1,0
BRF:7
BRH:0
end_of_record
TN:
SF:components/PlateEditor.tsx
FN:30,(anonymous_0)
FN:47,(anonymous_1)
FN:54,(anonymous_2)
FN:62,(anonymous_3)
FN:69,(anonymous_4)
FN:75,(anonymous_5)
FN:80,(anonymous_6)
FN:84,(anonymous_7)
FN:89,(anonymous_8)
FN:94,(anonymous_9)
FN:102,(anonymous_10)
FN:110,(anonymous_11)
FN:134,(anonymous_12)
FN:144,(anonymous_13)
FN:154,(anonymous_14)
FN:168,(anonymous_15)
FN:178,(anonymous_16)
FN:192,(anonymous_17)
FN:202,(anonymous_18)
FN:212,(anonymous_19)
FN:263,(anonymous_20)
FN:264,(anonymous_21)
FNF:22
FNH:0
FNDA:0,(anonymous_0)
FNDA:0,(anonymous_1)
FNDA:0,(anonymous_2)
FNDA:0,(anonymous_3)
FNDA:0,(anonymous_4)
FNDA:0,(anonymous_5)
FNDA:0,(anonymous_6)
FNDA:0,(anonymous_7)
FNDA:0,(anonymous_8)
FNDA:0,(anonymous_9)
FNDA:0,(anonymous_10)
FNDA:0,(anonymous_11)
FNDA:0,(anonymous_12)
FNDA:0,(anonymous_13)
FNDA:0,(anonymous_14)
FNDA:0,(anonymous_15)
FNDA:0,(anonymous_16)
FNDA:0,(anonymous_17)
FNDA:0,(anonymous_18)
FNDA:0,(anonymous_19)
FNDA:0,(anonymous_20)
FNDA:0,(anonymous_21)
DA:30,0
DA:42,0
DA:43,0
DA:44,0
DA:47,0
DA:48,0
DA:49,0
DA:54,0
DA:55,0
DA:56,0
DA:57,0
DA:62,0
DA:63,0
DA:64,0
DA:65,0
DA:69,0
DA:70,0
DA:71,0
DA:72,0
DA:75,0
DA:76,0
DA:77,0
DA:80,0
DA:81,0
DA:84,0
DA:85,0
DA:89,0
DA:90,0
DA:94,0
DA:95,0
DA:96,0
DA:97,0
DA:102,0
DA:103,0
DA:104,0
DA:105,0
DA:110,0
DA:111,0
DA:112,0
DA:113,0
DA:114,0
DA:118,0
DA:122,0
DA:126,0
DA:134,0
DA:144,0
DA:154,0
DA:168,0
DA:178,0
DA:192,0
DA:202,0
DA:212,0
DA:263,0
DA:264,0
LF:54
LH:0
BRDA:33,0,0,0
BRDA:34,1,0,0
BRDA:35,2,0,0
BRDA:36,3,0,0
BRDA:37,4,0,0
BRDA:38,5,0,0
BRDA:39,6,0,0
BRDA:40,7,0,0
BRDA:48,8,0,0
BRDA:48,9,0,0
BRDA:48,9,1,0
BRDA:56,10,0,0
BRDA:96,11,0,0
BRDA:104,12,0,0
BRDA:112,13,0,0
BRDA:118,14,0,0
BRDA:118,14,1,0
BRDA:122,15,0,0
BRDA:122,15,1,0
BRDA:128,16,0,0
BRDA:128,16,1,0
BRDA:128,16,2,0
BRDA:136,17,0,0
BRDA:136,17,1,0
BRDA:146,18,0,0
BRDA:146,18,1,0
BRDA:156,19,0,0
BRDA:156,19,1,0
BRDA:170,20,0,0
BRDA:170,20,1,0
BRDA:180,21,0,0
BRDA:180,21,1,0
BRDA:194,22,0,0
BRDA:194,22,1,0
BRDA:204,23,0,0
BRDA:204,23,1,0
BRDA:214,24,0,0
BRDA:214,24,1,0
BRDA:223,25,0,0
BRDA:223,25,1,0
BRDA:234,26,0,0
BRDA:234,26,1,0
BRDA:268,27,0,0
BRDA:268,27,1,0
BRDA:269,28,0,0
BRDA:269,28,1,0
BRF:46
BRH:0
end_of_record
TN:
SF:components/ProblemForm.tsx
FN:58,(anonymous_0)
FN:130,(anonymous_1)
FN:131,(anonymous_2)
FN:134,(anonymous_3)
FN:136,(anonymous_4)
FN:143,(anonymous_5)
FN:144,(anonymous_6)
FN:146,(anonymous_7)
FN:150,(anonymous_8)
FN:151,(anonymous_9)
FN:163,(anonymous_10)
FN:164,(anonymous_11)
FN:166,(anonymous_12)
FN:172,(anonymous_13)
FN:173,(anonymous_14)
FN:175,(anonymous_15)
FN:179,(anonymous_16)
FN:214,(anonymous_17)
FN:223,(anonymous_18)
FN:235,(anonymous_19)
FN:243,(anonymous_20)
FN:254,(anonymous_21)
FN:262,(anonymous_22)
FN:273,(anonymous_23)
FN:280,(anonymous_24)
FN:296,(anonymous_25)
FN:300,(anonymous_26)
FN:310,(anonymous_27)
FN:320,(anonymous_28)
FN:320,(anonymous_29)
FN:326,(anonymous_30)
FN:328,(anonymous_31)
FN:338,(anonymous_32)
FN:342,(anonymous_33)
FN:352,(anonymous_34)
FN:362,(anonymous_35)
FN:362,(anonymous_36)
FN:368,(anonymous_37)
FN:370,(anonymous_38)
FN:388,(anonymous_39)
FN:392,(anonymous_40)
FN:402,(anonymous_41)
FN:412,(anonymous_42)
FN:412,(anonymous_43)
FN:418,(anonymous_44)
FN:420,(anonymous_45)
FN:430,(anonymous_46)
FN:434,(anonymous_47)
FN:444,(anonymous_48)
FN:454,(anonymous_49)
FN:454,(anonymous_50)
FN:460,(anonymous_51)
FN:462,(anonymous_52)
FN:478,(anonymous_53)
FN:483,(anonymous_54)
FN:488,(anonymous_55)
FN:494,(anonymous_56)
FN:504,(anonymous_57)
FN:509,(anonymous_58)
FN:519,(anonymous_59)
FN:547,(anonymous_60)
FN:558,(anonymous_61)
FN:567,(anonymous_62)
FN:571,(anonymous_63)
FN:581,(anonymous_64)
FN:591,(anonymous_65)
FN:591,(anonymous_66)
FN:597,(anonymous_67)
FN:599,(anonymous_68)
FN:611,(anonymous_69)
FN:623,(anonymous_70)
FN:639,(anonymous_71)
FN:644,(anonymous_72)
FN:655,(anonymous_73)
FN:655,(anonymous_74)
FN:661,(anonymous_75)
FN:663,(anonymous_76)
FN:675,(anonymous_77)
FNF:78
FNH:0
FNDA:0,(anonymous_0)
FNDA:0,(anonymous_1)
FNDA:0,(anonymous_2)
FNDA:0,(anonymous_3)
FNDA:0,(anonymous_4)
FNDA:0,(anonymous_5)
FNDA:0,(anonymous_6)
FNDA:0,(anonymous_7)
FNDA:0,(anonymous_8)
FNDA:0,(anonymous_9)
FNDA:0,(anonymous_10)
FNDA:0,(anonymous_11)
FNDA:0,(anonymous_12)
FNDA:0,(anonymous_13)
FNDA:0,(anonymous_14)
FNDA:0,(anonymous_15)
FNDA:0,(anonymous_16)
FNDA:0,(anonymous_17)
FNDA:0,(anonymous_18)
FNDA:0,(anonymous_19)
FNDA:0,(anonymous_20)
FNDA:0,(anonymous_21)
FNDA:0,(anonymous_22)
FNDA:0,(anonymous_23)
FNDA:0,(anonymous_24)
FNDA:0,(anonymous_25)
FNDA:0,(anonymous_26)
FNDA:0,(anonymous_27)
FNDA:0,(anonymous_28)
FNDA:0,(anonymous_29)
FNDA:0,(anonymous_30)
FNDA:0,(anonymous_31)
FNDA:0,(anonymous_32)
FNDA:0,(anonymous_33)
FNDA:0,(anonymous_34)
FNDA:0,(anonymous_35)
FNDA:0,(anonymous_36)
FNDA:0,(anonymous_37)
FNDA:0,(anonymous_38)
FNDA:0,(anonymous_39)
FNDA:0,(anonymous_40)
FNDA:0,(anonymous_41)
FNDA:0,(anonymous_42)
FNDA:0,(anonymous_43)
FNDA:0,(anonymous_44)
FNDA:0,(anonymous_45)
FNDA:0,(anonymous_46)
FNDA:0,(anonymous_47)
FNDA:0,(anonymous_48)
FNDA:0,(anonymous_49)
FNDA:0,(anonymous_50)
FNDA:0,(anonymous_51)
FNDA:0,(anonymous_52)
FNDA:0,(anonymous_53)
FNDA:0,(anonymous_54)
FNDA:0,(anonymous_55)
FNDA:0,(anonymous_56)
FNDA:0,(anonymous_57)
FNDA:0,(anonymous_58)
FNDA:0,(anonymous_59)
FNDA:0,(anonymous_60)
FNDA:0,(anonymous_61)
FNDA:0,(anonymous_62)
FNDA:0,(anonymous_63)
FNDA:0,(anonymous_64)
FNDA:0,(anonymous_65)
FNDA:0,(anonymous_66)
FNDA:0,(anonymous_67)
FNDA:0,(anonymous_68)
FNDA:0,(anonymous_69)
FNDA:0,(anonymous_70)
FNDA:0,(anonymous_71)
FNDA:0,(anonymous_72)
FNDA:0,(anonymous_73)
FNDA:0,(anonymous_74)
FNDA:0,(anonymous_75)
FNDA:0,(anonymous_76)
FNDA:0,(anonymous_77)
DA:58,0
DA:63,0
DA:64,0
DA:89,0
DA:98,0
DA:108,0
DA:115,0
DA:123,0
DA:130,0
DA:131,0
DA:134,0
DA:135,0
DA:136,0
DA:143,0
DA:144,0
DA:146,0
DA:150,0
DA:151,0
DA:163,0
DA:164,0
DA:167,0
DA:172,0
DA:173,0
DA:175,0
DA:179,0
DA:180,0
DA:181,0
DA:184,0
DA:214,0
DA:223,0
DA:235,0
DA:243,0
DA:254,0
DA:262,0
DA:273,0
DA:280,0
DA:297,0
DA:301,0
DA:302,0
DA:303,0
DA:310,0
DA:320,0
DA:327,0
DA:328,0
DA:339,0
DA:343,0
DA:344,0
DA:345,0
DA:352,0
DA:362,0
DA:369,0
DA:370,0
DA:389,0
DA:393,0
DA:394,0
DA:395,0
DA:402,0
DA:412,0
DA:419,0
DA:420,0
DA:431,0
DA:435,0
DA:436,0
DA:437,0
DA:444,0
DA:454,0
DA:461,0
DA:462,0
DA:479,0
DA:483,0
DA:488,0
DA:494,0
DA:504,0
DA:509,0
DA:519,0
DA:547,0
DA:558,0
DA:568,0
DA:572,0
DA:573,0
DA:574,0
DA:581,0
DA:591,0
DA:598,0
DA:599,0
DA:611,0
DA:623,0
DA:640,0
DA:644,0
DA:655,0
DA:662,0
DA:663,0
DA:675,0
LF:93
LH:0
BRDA:71,0,0,0
BRDA:71,0,1,0
BRDA:135,1,0,0
BRDA:167,2,0,0
BRDA:167,2,1,0
BRF:5
BRH:0
end_of_record
TN:
SF:components/ProfessionalProtocolForm.tsx
FN:125,(anonymous_0)
FN:234,(anonymous_1)
FN:237,(anonymous_2)
FN:247,(anonymous_3)
FN:248,(anonymous_4)
FN:251,(anonymous_5)
FN:252,(anonymous_6)
FN:258,(anonymous_7)
FN:259,(anonymous_8)
FN:261,(anonymous_9)
FN:265,(anonymous_10)
FN:266,(anonymous_11)
FN:268,(anonymous_12)
FN:272,(anonymous_13)
FN:285,(anonymous_14)
FN:292,(anonymous_15)
FN:300,(anonymous_16)
FN:311,(anonymous_17)
FN:319,(anonymous_18)
FN:329,(anonymous_19)
FN:346,(anonymous_20)
FN:353,(anonymous_21)
FN:393,(anonymous_22)
FN:405,(anonymous_23)
FN:416,(anonymous_24)
FN:430,(anonymous_25)
FN:437,(anonymous_26)
FN:451,(anonymous_27)
FN:459,(anonymous_28)
FN:477,(anonymous_29)
FN:487,(anonymous_30)
FN:497,(anonymous_31)
FN:502,(anonymous_32)
FN:521,(anonymous_33)
FN:526,(anonymous_34)
FN:544,(anonymous_35)
FN:548,(anonymous_36)
FN:552,(anonymous_37)
FN:557,(anonymous_38)
FN:562,(anonymous_39)
FN:567,(anonymous_40)
FN:573,(anonymous_41)
FN:583,(anonymous_42)
FN:591,(anonymous_43)
FN:595,(anonymous_44)
FN:600,(anonymous_45)
FN:605,(anonymous_46)
FN:611,(anonymous_47)
FN:621,(anonymous_48)
FN:629,(anonymous_49)
FN:633,(anonymous_50)
FN:638,(anonymous_51)
FN:644,(anonymous_52)
FN:650,(anonymous_53)
FN:656,(anonymous_54)
FN:664,(anonymous_55)
FN:674,(anonymous_56)
FN:685,(anonymous_57)
FN:695,(anonymous_58)
FN:705,(anonymous_59)
FN:711,(anonymous_60)
FN:727,(anonymous_61)
FN:740,(anonymous_62)
FN:745,(anonymous_63)
FN:756,(anonymous_64)
FN:770,(anonymous_65)
FN:785,(anonymous_66)
FN:789,(anonymous_67)
FN:795,(anonymous_68)
FN:805,(anonymous_69)
FN:842,(anonymous_70)
FN:880,(anonymous_71)
FN:898,(anonymous_72)
FNF:73
FNH:0
FNDA:0,(anonymous_0)
FNDA:0,(anonymous_1)
FNDA:0,(anonymous_2)
FNDA:0,(anonymous_3)
FNDA:0,(anonymous_4)
FNDA:0,(anonymous_5)
FNDA:0,(anonymous_6)
FNDA:0,(anonymous_7)
FNDA:0,(anonymous_8)
FNDA:0,(anonymous_9)
FNDA:0,(anonymous_10)
FNDA:0,(anonymous_11)
FNDA:0,(anonymous_12)
FNDA:0,(anonymous_13)
FNDA:0,(anonymous_14)
FNDA:0,(anonymous_15)
FNDA:0,(anonymous_16)
FNDA:0,(anonymous_17)
FNDA:0,(anonymous_18)
FNDA:0,(anonymous_19)
FNDA:0,(anonymous_20)
FNDA:0,(anonymous_21)
FNDA:0,(anonymous_22)
FNDA:0,(anonymous_23)
FNDA:0,(anonymous_24)
FNDA:0,(anonymous_25)
FNDA:0,(anonymous_26)
FNDA:0,(anonymous_27)
FNDA:0,(anonymous_28)
FNDA:0,(anonymous_29)
FNDA:0,(anonymous_30)
FNDA:0,(anonymous_31)
FNDA:0,(anonymous_32)
FNDA:0,(anonymous_33)
FNDA:0,(anonymous_34)
FNDA:0,(anonymous_35)
FNDA:0,(anonymous_36)
FNDA:0,(anonymous_37)
FNDA:0,(anonymous_38)
FNDA:0,(anonymous_39)
FNDA:0,(anonymous_40)
FNDA:0,(anonymous_41)
FNDA:0,(anonymous_42)
FNDA:0,(anonymous_43)
FNDA:0,(anonymous_44)
FNDA:0,(anonymous_45)
FNDA:0,(anonymous_46)
FNDA:0,(anonymous_47)
FNDA:0,(anonymous_48)
FNDA:0,(anonymous_49)
FNDA:0,(anonymous_50)
FNDA:0,(anonymous_51)
FNDA:0,(anonymous_52)
FNDA:0,(anonymous_53)
FNDA:0,(anonymous_54)
FNDA:0,(anonymous_55)
FNDA:0,(anonymous_56)
FNDA:0,(anonymous_57)
FNDA:0,(anonymous_58)
FNDA:0,(anonymous_59)
FNDA:0,(anonymous_60)
FNDA:0,(anonymous_61)
FNDA:0,(anonymous_62)
FNDA:0,(anonymous_63)
FNDA:0,(anonymous_64)
FNDA:0,(anonymous_65)
FNDA:0,(anonymous_66)
FNDA:0,(anonymous_67)
FNDA:0,(anonymous_68)
FNDA:0,(anonymous_69)
FNDA:0,(anonymous_70)
FNDA:0,(anonymous_71)
FNDA:0,(anonymous_72)
DA:125,0
DA:131,0
DA:132,0
DA:133,0
DA:135,0
DA:183,0
DA:197,0
DA:210,0
DA:223,0
DA:234,0
DA:235,0
DA:236,0
DA:237,0
DA:247,0
DA:248,0
DA:251,0
DA:252,0
DA:258,0
DA:259,0
DA:261,0
DA:265,0
DA:266,0
DA:268,0
DA:272,0
DA:273,0
DA:274,0
DA:276,0
DA:277,0
DA:279,0
DA:281,0
DA:285,0
DA:286,0
DA:292,0
DA:300,0
DA:311,0
DA:319,0
DA:329,0
DA:346,0
DA:354,0
DA:355,0
DA:357,0
DA:358,0
DA:359,0
DA:393,0
DA:405,0
DA:416,0
DA:430,0
DA:431,0
DA:437,0
DA:451,0
DA:459,0
DA:477,0
DA:487,0
DA:498,0
DA:503,0
DA:504,0
DA:506,0
DA:507,0
DA:522,0
DA:527,0
DA:528,0
DA:530,0
DA:531,0
DA:544,0
DA:545,0
DA:549,0
DA:552,0
DA:557,0
DA:562,0
DA:567,0
DA:573,0
DA:583,0
DA:592,0
DA:595,0
DA:600,0
DA:605,0
DA:611,0
DA:621,0
DA:629,0
DA:630,0
DA:634,0
DA:638,0
DA:644,0
DA:650,0
DA:656,0
DA:664,0
DA:674,0
DA:685,0
DA:695,0
DA:705,0
DA:706,0
DA:711,0
DA:727,0
DA:741,0
DA:745,0
DA:757,0
DA:758,0
DA:759,0
DA:760,0
DA:761,0
DA:762,0
DA:771,0
DA:772,0
DA:773,0
DA:774,0
DA:786,0
DA:789,0
DA:795,0
DA:805,0
DA:813,0
DA:821,0
DA:843,0
DA:880,0
DA:898,0
LF:114
LH:0
BRDA:235,0,0,0
BRDA:240,1,0,0
BRDA:240,1,1,0
BRDA:261,2,0,0
BRDA:261,2,1,0
BRDA:345,3,0,0
BRDA:345,3,1,0
BRDA:354,4,0,0
BRDA:354,4,1,0
BRDA:355,5,0,0
BRDA:358,6,0,0
BRDA:377,7,0,0
BRDA:377,7,1,0
BRDA:377,7,2,0
BRDA:503,8,0,0
BRDA:503,8,1,0
BRDA:527,9,0,0
BRDA:527,9,1,0
BRDA:649,10,0,0
BRDA:649,10,1,0
BRDA:673,11,0,0
BRDA:673,11,1,0
BRDA:757,12,0,0
BRDA:760,13,0,0
BRDA:772,14,0,0
BRDA:827,15,0,0
BRDA:827,15,1,0
BRDA:845,16,0,0
BRDA:845,16,1,0
BRDA:847,17,0,0
BRDA:847,17,1,0
BRDA:851,18,0,0
BRDA:851,18,1,0
BRDA:854,19,0,0
BRDA:854,19,1,0
BRDA:858,20,0,0
BRDA:858,20,1,0
BRDA:860,21,0,0
BRDA:860,21,1,0
BRDA:880,22,0,0
BRDA:880,22,1,0
BRDA:895,23,0,0
BRDA:895,23,1,0
BRDA:908,24,0,0
BRDA:908,24,1,0
BRF:45
BRH:0
end_of_record
TN:
SF:components/ProtectedRoute.tsx
FN:13,(anonymous_0)
FNF:1
FNH:0
FNDA:0,(anonymous_0)
DA:13,0
DA:19,0
DA:20,0
DA:23,0
DA:24,0
DA:35,0
DA:36,0
DA:40,0
DA:41,0
DA:47,0
DA:48,0
DA:52,0
DA:53,0
DA:58,0
DA:59,0
DA:60,0
DA:67,0
LF:17
LH:0
BRDA:17,0,0,0
BRDA:23,1,0,0
BRDA:35,2,0,0
BRDA:35,3,0,0
BRDA:35,3,1,0
BRDA:40,4,0,0
BRDA:40,5,0,0
BRDA:40,5,1,0
BRDA:47,6,0,0
BRDA:48,7,0,0
BRDA:48,7,1,0
BRDA:52,8,0,0
BRDA:58,9,0,0
BRDA:59,10,0,0
BRF:14
BRH:0
end_of_record
TN:
SF:components/ResultsForm.tsx
FN:52,(anonymous_0)
FN:125,(anonymous_1)
FN:126,(anonymous_2)
FN:129,(anonymous_3)
FN:131,(anonymous_4)
FN:138,(anonymous_5)
FN:139,(anonymous_6)
FN:141,(anonymous_7)
FN:145,(anonymous_8)
FN:180,(anonymous_9)
FN:189,(anonymous_10)
FN:201,(anonymous_11)
FN:209,(anonymous_12)
FN:217,(anonymous_13)
FN:228,(anonymous_14)
FN:236,(anonymous_15)
FN:250,(anonymous_16)
FN:254,(anonymous_17)
FN:264,(anonymous_18)
FN:274,(anonymous_19)
FN:274,(anonymous_20)
FN:280,(anonymous_21)
FN:282,(anonymous_22)
FN:301,(anonymous_23)
FN:313,(anonymous_24)
FN:321,(anonymous_25)
FN:337,(anonymous_26)
FN:341,(anonymous_27)
FN:351,(anonymous_28)
FN:361,(anonymous_29)
FN:361,(anonymous_30)
FN:367,(anonymous_31)
FN:369,(anonymous_32)
FN:379,(anonymous_33)
FN:383,(anonymous_34)
FN:393,(anonymous_35)
FN:403,(anonymous_36)
FN:403,(anonymous_37)
FN:409,(anonymous_38)
FN:411,(anonymous_39)
FN:431,(anonymous_40)
FN:442,(anonymous_41)
FN:453,(anonymous_42)
FN:470,(anonymous_43)
FN:474,(anonymous_44)
FN:484,(anonymous_45)
FN:494,(anonymous_46)
FN:494,(anonymous_47)
FN:500,(anonymous_48)
FN:502,(anonymous_49)
FN:512,(anonymous_50)
FN:516,(anonymous_51)
FN:526,(anonymous_52)
FN:536,(anonymous_53)
FN:536,(anonymous_54)
FN:542,(anonymous_55)
FN:544,(anonymous_56)
FN:554,(anonymous_57)
FN:558,(anonymous_58)
FN:568,(anonymous_59)
FN:578,(anonymous_60)
FN:578,(anonymous_61)
FN:584,(anonymous_62)
FN:586,(anonymous_63)
FN:604,(anonymous_64)
FN:608,(anonymous_65)
FN:618,(anonymous_66)
FN:628,(anonymous_67)
FN:628,(anonymous_68)
FN:634,(anonymous_69)
FN:636,(anonymous_70)
FN:647,(anonymous_71)
FN:652,(anonymous_72)
FN:663,(anonymous_73)
FN:663,(anonymous_74)
FN:669,(anonymous_75)
FN:671,(anonymous_76)
FN:683,(anonymous_77)
FNF:78
FNH:0
FNDA:0,(anonymous_0)
FNDA:0,(anonymous_1)
FNDA:0,(anonymous_2)
FNDA:0,(anonymous_3)
FNDA:0,(anonymous_4)
FNDA:0,(anonymous_5)
FNDA:0,(anonymous_6)
FNDA:0,(anonymous_7)
FNDA:0,(anonymous_8)
FNDA:0,(anonymous_9)
FNDA:0,(anonymous_10)
FNDA:0,(anonymous_11)
FNDA:0,(anonymous_12)
FNDA:0,(anonymous_13)
FNDA:0,(anonymous_14)
FNDA:0,(anonymous_15)
FNDA:0,(anonymous_16)
FNDA:0,(anonymous_17)
FNDA:0,(anonymous_18)
FNDA:0,(anonymous_19)
FNDA:0,(anonymous_20)
FNDA:0,(anonymous_21)
FNDA:0,(anonymous_22)
FNDA:0,(anonymous_23)
FNDA:0,(anonymous_24)
FNDA:0,(anonymous_25)
FNDA:0,(anonymous_26)
FNDA:0,(anonymous_27)
FNDA:0,(anonymous_28)
FNDA:0,(anonymous_29)
FNDA:0,(anonymous_30)
FNDA:0,(anonymous_31)
FNDA:0,(anonymous_32)
FNDA:0,(anonymous_33)
FNDA:0,(anonymous_34)
FNDA:0,(anonymous_35)
FNDA:0,(anonymous_36)
FNDA:0,(anonymous_37)
FNDA:0,(anonymous_38)
FNDA:0,(anonymous_39)
FNDA:0,(anonymous_40)
FNDA:0,(anonymous_41)
FNDA:0,(anonymous_42)
FNDA:0,(anonymous_43)
FNDA:0,(anonymous_44)
FNDA:0,(anonymous_45)
FNDA:0,(anonymous_46)
FNDA:0,(anonymous_47)
FNDA:0,(anonymous_48)
FNDA:0,(anonymous_49)
FNDA:0,(anonymous_50)
FNDA:0,(anonymous_51)
FNDA:0,(anonymous_52)
FNDA:0,(anonymous_53)
FNDA:0,(anonymous_54)
FNDA:0,(anonymous_55)
FNDA:0,(anonymous_56)
FNDA:0,(anonymous_57)
FNDA:0,(anonymous_58)
FNDA:0,(anonymous_59)
FNDA:0,(anonymous_60)
FNDA:0,(anonymous_61)
FNDA:0,(anonymous_62)
FNDA:0,(anonymous_63)
FNDA:0,(anonymous_64)
FNDA:0,(anonymous_65)
FNDA:0,(anonymous_66)
FNDA:0,(anonymous_67)
FNDA:0,(anonymous_68)
FNDA:0,(anonymous_69)
FNDA:0,(anonymous_70)
FNDA:0,(anonymous_71)
FNDA:0,(anonymous_72)
FNDA:0,(anonymous_73)
FNDA:0,(anonymous_74)
FNDA:0,(anonymous_75)
FNDA:0,(anonymous_76)
FNDA:0,(anonymous_77)
DA:52,0
DA:57,0
DA:58,0
DA:85,0
DA:96,0
DA:104,0
DA:112,0
DA:118,0
DA:125,0
DA:126,0
DA:129,0
DA:130,0
DA:131,0
DA:138,0
DA:139,0
DA:141,0
DA:145,0
DA:146,0
DA:147,0
DA:150,0
DA:180,0
DA:189,0
DA:201,0
DA:209,0
DA:217,0
DA:228,0
DA:236,0
DA:251,0
DA:255,0
DA:256,0
DA:257,0
DA:264,0
DA:274,0
DA:281,0
DA:282,0
DA:301,0
DA:313,0
DA:321,0
DA:338,0
DA:342,0
DA:343,0
DA:344,0
DA:351,0
DA:361,0
DA:368,0
DA:369,0
DA:380,0
DA:384,0
DA:385,0
DA:386,0
DA:393,0
DA:403,0
DA:410,0
DA:411,0
DA:431,0
DA:442,0
DA:453,0
DA:471,0
DA:475,0
DA:476,0
DA:477,0
DA:484,0
DA:494,0
DA:501,0
DA:502,0
DA:513,0
DA:517,0
DA:518,0
DA:519,0
DA:526,0
DA:536,0
DA:543,0
DA:544,0
DA:555,0
DA:559,0
DA:560,0
DA:561,0
DA:568,0
DA:578,0
DA:585,0
DA:586,0
DA:605,0
DA:609,0
DA:610,0
DA:611,0
DA:618,0
DA:628,0
DA:635,0
DA:636,0
DA:648,0
DA:652,0
DA:663,0
DA:670,0
DA:671,0
DA:683,0
LF:95
LH:0
BRDA:130,0,0,0
BRF:1
BRH:0
end_of_record
TN:
SF:components/SampleManagementForm.tsx
FN:48,(anonymous_0)
FN:117,(anonymous_1)
FN:122,(anonymous_2)
FN:124,(anonymous_3)
FN:132,(anonymous_4)
FN:133,(anonymous_5)
FN:135,(anonymous_6)
FN:166,(anonymous_7)
FN:166,(anonymous_8)
FN:177,(anonymous_9)
FN:177,(anonymous_10)
FN:189,(anonymous_11)
FN:189,(anonymous_12)
FN:204,(anonymous_13)
FN:204,(anonymous_14)
FN:207,(anonymous_15)
FN:221,(anonymous_16)
FN:221,(anonymous_17)
FN:236,(anonymous_18)
FN:236,(anonymous_19)
FN:246,(anonymous_20)
FN:246,(anonymous_21)
FN:258,(anonymous_22)
FN:258,(anonymous_23)
FN:271,(anonymous_24)
FN:271,(anonymous_25)
FN:282,(anonymous_26)
FN:282,(anonymous_27)
FN:299,(anonymous_28)
FN:299,(anonymous_29)
FN:309,(anonymous_30)
FN:309,(anonymous_31)
FN:311,(anonymous_32)
FN:325,(anonymous_33)
FN:325,(anonymous_34)
FN:327,(anonymous_35)
FN:344,(anonymous_36)
FN:344,(anonymous_37)
FN:355,(anonymous_38)
FN:355,(anonymous_39)
FN:357,(anonymous_40)
FN:372,(anonymous_41)
FN:380,(anonymous_42)
FN:391,(anonymous_43)
FN:393,(anonymous_44)
FN:412,(anonymous_45)
FN:412,(anonymous_46)
FNF:47
FNH:0
FNDA:0,(anonymous_0)
FNDA:0,(anonymous_1)
FNDA:0,(anonymous_2)
FNDA:0,(anonymous_3)
FNDA:0,(anonymous_4)
FNDA:0,(anonymous_5)
FNDA:0,(anonymous_6)
FNDA:0,(anonymous_7)
FNDA:0,(anonymous_8)
FNDA:0,(anonymous_9)
FNDA:0,(anonymous_10)
FNDA:0,(anonymous_11)
FNDA:0,(anonymous_12)
FNDA:0,(anonymous_13)
FNDA:0,(anonymous_14)
FNDA:0,(anonymous_15)
FNDA:0,(anonymous_16)
FNDA:0,(anonymous_17)
FNDA:0,(anonymous_18)
FNDA:0,(anonymous_19)
FNDA:0,(anonymous_20)
FNDA:0,(anonymous_21)
FNDA:0,(anonymous_22)
FNDA:0,(anonymous_23)
FNDA:0,(anonymous_24)
FNDA:0,(anonymous_25)
FNDA:0,(anonymous_26)
FNDA:0,(anonymous_27)
FNDA:0,(anonymous_28)
FNDA:0,(anonymous_29)
FNDA:0,(anonymous_30)
FNDA:0,(anonymous_31)
FNDA:0,(anonymous_32)
FNDA:0,(anonymous_33)
FNDA:0,(anonymous_34)
FNDA:0,(anonymous_35)
FNDA:0,(anonymous_36)
FNDA:0,(anonymous_37)
FNDA:0,(anonymous_38)
FNDA:0,(anonymous_39)
FNDA:0,(anonymous_40)
FNDA:0,(anonymous_41)
FNDA:0,(anonymous_42)
FNDA:0,(anonymous_43)
FNDA:0,(anonymous_44)
FNDA:0,(anonymous_45)
FNDA:0,(anonymous_46)
DA:48,0
DA:53,0
DA:54,0
DA:77,0
DA:79,0
DA:90,0
DA:101,0
DA:109,0
DA:117,0
DA:118,0
DA:119,0
DA:122,0
DA:123,0
DA:124,0
DA:128,0
DA:132,0
DA:133,0
DA:135,0
DA:139,0
DA:166,0
DA:177,0
DA:189,0
DA:204,0
DA:208,0
DA:221,0
DA:236,0
DA:246,0
DA:258,0
DA:271,0
DA:282,0
DA:299,0
DA:309,0
DA:312,0
DA:325,0
DA:328,0
DA:344,0
DA:355,0
DA:358,0
DA:373,0
DA:380,0
DA:391,0
DA:393,0
DA:412,0
LF:43
LH:0
BRDA:62,0,0,0
BRDA:62,0,1,0
BRDA:70,1,0,0
BRDA:70,1,1,0
BRDA:123,2,0,0
BRDA:123,3,0,0
BRDA:123,3,1,0
BRDA:299,4,0,0
BRDA:299,4,1,0
BRDA:393,5,0,0
BRDA:393,5,1,0
BRF:11
BRH:0
end_of_record
TN:
SF:components/SideNav.tsx
FN:40,(anonymous_0)
FN:60,(anonymous_1)
FN:210,(anonymous_2)
FN:217,(anonymous_3)
FNF:4
FNH:0
FNDA:0,(anonymous_0)
FNDA:0,(anonymous_1)
FNDA:0,(anonymous_2)
FNDA:0,(anonymous_3)
DA:40,0
DA:41,0
DA:42,0
DA:45,0
DA:60,0
DA:61,0
DA:178,0
DA:180,0
DA:211,0
DA:218,0
LF:10
LH:0
BRDA:45,0,0,0
BRDA:45,0,1,0
BRDA:219,1,0,0
BRDA:219,1,1,0
BRDA:231,2,0,0
BRDA:231,2,1,0
BRDA:233,3,0,0
BRDA:233,3,1,0
BRDA:234,4,0,0
BRDA:234,4,1,0
BRDA:241,5,0,0
BRDA:241,5,1,0
BRF:12
BRH:0
end_of_record
TN:
SF:components/SocialNetworking.tsx
FN:71,(anonymous_0)
FN:84,(anonymous_1)
FN:88,(anonymous_2)
FN:100,(anonymous_3)
FN:106,(anonymous_4)
FN:112,(anonymous_5)
FN:200,(anonymous_6)
FN:224,(anonymous_7)
FN:269,(anonymous_8)
FN:286,(anonymous_9)
FN:367,(anonymous_10)
FN:384,(anonymous_11)
FN:397,(anonymous_12)
FN:423,(anonymous_13)
FN:440,(anonymous_14)
FN:458,(anonymous_15)
FN:473,(anonymous_16)
FN:487,(anonymous_17)
FN:500,(anonymous_18)
FN:565,(anonymous_19)
FN:570,(anonymous_20)
FN:574,(anonymous_21)
FN:587,(anonymous_22)
FN:606,(anonymous_23)
FN:620,(anonymous_24)
FN:627,(anonymous_25)
FN:630,(anonymous_26)
FN:637,(anonymous_27)
FN:651,(anonymous_28)
FN:675,(anonymous_29)
FN:682,(anonymous_30)
FN:714,(anonymous_31)
FN:718,(anonymous_32)
FN:722,(anonymous_33)
FN:734,(anonymous_34)
FN:745,(anonymous_35)
FN:763,(anonymous_36)
FN:782,(anonymous_37)
FN:788,(anonymous_38)
FNF:39
FNH:0
FNDA:0,(anonymous_0)
FNDA:0,(anonymous_1)
FNDA:0,(anonymous_2)
FNDA:0,(anonymous_3)
FNDA:0,(anonymous_4)
FNDA:0,(anonymous_5)
FNDA:0,(anonymous_6)
FNDA:0,(anonymous_7)
FNDA:0,(anonymous_8)
FNDA:0,(anonymous_9)
FNDA:0,(anonymous_10)
FNDA:0,(anonymous_11)
FNDA:0,(anonymous_12)
FNDA:0,(anonymous_13)
FNDA:0,(anonymous_14)
FNDA:0,(anonymous_15)
FNDA:0,(anonymous_16)
FNDA:0,(anonymous_17)
FNDA:0,(anonymous_18)
FNDA:0,(anonymous_19)
FNDA:0,(anonymous_20)
FNDA:0,(anonymous_21)
FNDA:0,(anonymous_22)
FNDA:0,(anonymous_23)
FNDA:0,(anonymous_24)
FNDA:0,(anonymous_25)
FNDA:0,(anonymous_26)
FNDA:0,(anonymous_27)
FNDA:0,(anonymous_28)
FNDA:0,(anonymous_29)
FNDA:0,(anonymous_30)
FNDA:0,(anonymous_31)
FNDA:0,(anonymous_32)
FNDA:0,(anonymous_33)
FNDA:0,(anonymous_34)
FNDA:0,(anonymous_35)
FNDA:0,(anonymous_36)
FNDA:0,(anonymous_37)
FNDA:0,(anonymous_38)
DA:71,0
DA:80,0
DA:81,0
DA:82,0
DA:84,0
DA:85,0
DA:88,0
DA:89,0
DA:90,0
DA:91,0
DA:92,0
DA:94,0
DA:96,0
DA:100,0
DA:101,0
DA:102,0
DA:106,0
DA:107,0
DA:108,0
DA:112,0
DA:113,0
DA:114,0
DA:118,0
DA:119,0
DA:127,0
DA:128,0
DA:138,0
DA:139,0
DA:140,0
DA:142,0
DA:200,0
DA:224,0
DA:270,0
DA:287,0
DA:367,0
DA:384,0
DA:389,0
DA:390,0
DA:391,0
DA:392,0
DA:393,0
DA:394,0
DA:395,0
DA:397,0
DA:398,0
DA:399,0
DA:400,0
DA:412,0
DA:413,0
DA:414,0
DA:417,0
DA:419,0
DA:423,0
DA:424,0
DA:427,0
DA:440,0
DA:458,0
DA:473,0
DA:487,0
DA:500,0
DA:565,0
DA:566,0
DA:567,0
DA:568,0
DA:570,0
DA:571,0
DA:574,0
DA:575,0
DA:576,0
DA:577,0
DA:578,0
DA:579,0
DA:581,0
DA:583,0
DA:587,0
DA:588,0
DA:589,0
DA:595,0
DA:596,0
DA:599,0
DA:603,0
DA:604,0
DA:607,0
DA:615,0
DA:620,0
DA:627,0
DA:630,0
DA:637,0
DA:652,0
DA:675,0
DA:682,0
DA:714,0
DA:715,0
DA:716,0
DA:718,0
DA:719,0
DA:722,0
DA:723,0
DA:724,0
DA:725,0
DA:726,0
DA:728,0
DA:730,0
DA:734,0
DA:735,0
DA:736,0
DA:739,0
DA:741,0
DA:745,0
DA:746,0
DA:748,0
DA:750,0
DA:752,0
DA:754,0
DA:756,0
DA:760,0
DA:761,0
DA:764,0
DA:772,0
DA:783,0
DA:788,0
LF:121
LH:0
BRDA:101,0,0,0
BRDA:107,1,0,0
BRDA:113,2,0,0
BRDA:118,3,0,0
BRDA:127,4,0,0
BRDA:139,5,0,0
BRDA:139,5,1,0
BRDA:140,6,0,0
BRDA:140,6,1,0
BRDA:145,7,0,0
BRDA:145,7,1,0
BRDA:160,8,0,0
BRDA:160,8,1,0
BRDA:171,9,0,0
BRDA:171,9,1,0
BRDA:183,10,0,0
BRDA:183,10,1,0
BRDA:186,11,0,0
BRDA:186,11,1,0
BRDA:189,12,0,0
BRDA:189,12,1,0
BRDA:199,13,0,0
BRDA:199,13,1,0
BRDA:206,14,0,0
BRDA:206,14,1,0
BRDA:212,15,0,0
BRDA:212,15,1,0
BRDA:218,16,0,0
BRDA:218,16,1,0
BRDA:257,17,0,0
BRDA:257,17,1,0
BRDA:265,18,0,0
BRDA:265,18,1,0
BRDA:265,18,2,0
BRDA:282,19,0,0
BRDA:282,19,1,0
BRDA:282,19,2,0
BRDA:299,20,0,0
BRDA:299,20,1,0
BRDA:299,20,2,0
BRDA:299,20,3,0
BRDA:299,20,4,0
BRDA:299,20,5,0
BRDA:303,21,0,0
BRDA:303,21,1,0
BRDA:314,22,0,0
BRDA:314,22,1,0
BRDA:325,23,0,0
BRDA:325,23,1,0
BRDA:336,24,0,0
BRDA:336,24,1,0
BRDA:347,25,0,0
BRDA:347,25,1,0
BRDA:363,26,0,0
BRDA:363,26,1,0
BRDA:405,27,0,0
BRDA:405,27,1,0
BRDA:406,28,0,0
BRDA:406,28,1,0
BRDA:407,29,0,0
BRDA:407,29,1,0
BRDA:412,30,0,0
BRDA:432,31,0,0
BRDA:432,31,1,0
BRDA:450,32,0,0
BRDA:450,32,1,0
BRDA:465,33,0,0
BRDA:465,33,1,0
BRDA:479,34,0,0
BRDA:479,34,1,0
BRDA:512,35,0,0
BRDA:512,35,1,0
BRDA:576,36,0,0
BRDA:576,36,1,0
BRDA:595,37,0,0
BRDA:603,38,0,0
BRDA:622,39,0,0
BRDA:622,39,1,0
BRDA:632,40,0,0
BRDA:632,40,1,0
BRDA:643,41,0,0
BRDA:643,41,1,0
BRDA:660,42,0,0
BRDA:660,42,1,0
BRDA:663,43,0,0
BRDA:663,43,1,0
BRDA:666,44,0,0
BRDA:666,44,1,0
BRDA:672,45,0,0
BRDA:672,45,1,0
BRDA:672,45,2,0
BRDA:746,46,0,0
BRDA:746,46,1,0
BRDA:746,46,2,0
BRDA:746,46,3,0
BRDA:746,46,4,0
BRDA:760,47,0,0
BRDA:774,48,0,0
BRDA:774,48,1,0
BRDA:786,49,0,0
BRDA:786,49,1,0
BRDA:792,50,0,0
BRDA:792,50,1,0
BRDA:803,51,0,0
BRDA:803,51,1,0
BRF:105
BRH:0
end_of_record
TN:
SF:components/TeamMessagingWidget.tsx
FN:22,(anonymous_0)
FN:48,(anonymous_1)
FN:50,(anonymous_2)
FN:66,(anonymous_3)
FN:94,(anonymous_4)
FN:111,(anonymous_5)
FN:161,(anonymous_6)
FNF:7
FNH:0
FNDA:0,(anonymous_0)
FNDA:0,(anonymous_1)
FNDA:0,(anonymous_2)
FNDA:0,(anonymous_3)
FNDA:0,(anonymous_4)
FNDA:0,(anonymous_5)
FNDA:0,(anonymous_6)
DA:22,0
DA:23,0
DA:24,0
DA:48,0
DA:50,0
DA:51,0
DA:52,0
DA:53,0
DA:54,0
DA:56,0
DA:57,0
DA:58,0
DA:59,0
DA:62,0
DA:66,0
DA:94,0
DA:112,0
DA:161,0
LF:18
LH:0
BRDA:22,0,0,0
BRDA:56,1,0,0
BRDA:57,2,0,0
BRDA:58,3,0,0
BRDA:71,4,0,0
BRDA:71,4,1,0
BRDA:80,5,0,0
BRDA:80,5,1,0
BRDA:87,6,0,0
BRDA:87,6,1,0
BRDA:103,7,0,0
BRDA:103,7,1,0
BRDA:115,8,0,0
BRDA:115,8,1,0
BRF:14
BRH:0
end_of_record
TN:
SF:components/ThemeCustomizer.tsx
FN:69,(anonymous_0)
FN:165,(anonymous_1)
FN:166,(anonymous_2)
FN:175,(anonymous_3)
FN:176,(anonymous_4)
FN:185,(anonymous_5)
FN:186,(anonymous_6)
FN:195,(anonymous_7)
FN:212,(anonymous_8)
FN:221,(anonymous_9)
FN:234,(anonymous_10)
FN:265,(anonymous_11)
FN:292,(anonymous_12)
FN:292,(anonymous_13)
FN:298,(anonymous_14)
FN:298,(anonymous_15)
FN:312,(anonymous_16)
FN:315,(anonymous_17)
FN:354,(anonymous_18)
FN:357,(anonymous_19)
FN:381,(anonymous_20)
FN:394,(anonymous_21)
FN:413,(anonymous_22)
FN:420,(anonymous_23)
FN:423,(anonymous_24)
FN:445,(anonymous_25)
FN:451,(anonymous_26)
FN:451,(anonymous_27)
FN:474,(anonymous_28)
FN:480,(anonymous_29)
FN:480,(anonymous_30)
FN:496,(anonymous_31)
FN:502,(anonymous_32)
FN:502,(anonymous_33)
FNF:34
FNH:0
FNDA:0,(anonymous_0)
FNDA:0,(anonymous_1)
FNDA:0,(anonymous_2)
FNDA:0,(anonymous_3)
FNDA:0,(anonymous_4)
FNDA:0,(anonymous_5)
FNDA:0,(anonymous_6)
FNDA:0,(anonymous_7)
FNDA:0,(anonymous_8)
FNDA:0,(anonymous_9)
FNDA:0,(anonymous_10)
FNDA:0,(anonymous_11)
FNDA:0,(anonymous_12)
FNDA:0,(anonymous_13)
FNDA:0,(anonymous_14)
FNDA:0,(anonymous_15)
FNDA:0,(anonymous_16)
FNDA:0,(anonymous_17)
FNDA:0,(anonymous_18)
FNDA:0,(anonymous_19)
FNDA:0,(anonymous_20)
FNDA:0,(anonymous_21)
FNDA:0,(anonymous_22)
FNDA:0,(anonymous_23)
FNDA:0,(anonymous_24)
FNDA:0,(anonymous_25)
FNDA:0,(anonymous_26)
FNDA:0,(anonymous_27)
FNDA:0,(anonymous_28)
FNDA:0,(anonymous_29)
FNDA:0,(anonymous_30)
FNDA:0,(anonymous_31)
FNDA:0,(anonymous_32)
FNDA:0,(anonymous_33)
DA:69,0
DA:74,0
DA:75,0
DA:76,0
DA:78,0
DA:149,0
DA:165,0
DA:166,0
DA:175,0
DA:176,0
DA:185,0
DA:186,0
DA:195,0
DA:197,0
DA:212,0
DA:221,0
DA:222,0
DA:230,0
DA:231,0
DA:234,0
DA:235,0
DA:238,0
DA:253,0
DA:265,0
DA:292,0
DA:298,0
DA:313,0
DA:315,0
DA:355,0
DA:357,0
DA:382,0
DA:394,0
DA:414,0
DA:420,0
DA:424,0
DA:446,0
DA:451,0
DA:475,0
DA:480,0
DA:497,0
DA:502,0
LF:41
LH:0
BRDA:224,0,0,0
BRDA:224,0,1,0
BRDA:225,1,0,0
BRDA:225,1,1,0
BRDA:267,2,0,0
BRDA:267,2,1,0
BRDA:273,3,0,0
BRDA:273,3,1,0
BRDA:317,4,0,0
BRDA:317,4,1,0
BRDA:349,5,0,0
BRDA:349,5,1,0
BRDA:405,6,0,0
BRDA:405,6,1,0
BRDA:436,7,0,0
BRDA:436,7,1,0
BRDA:465,8,0,0
BRDA:465,8,1,0
BRF:18
BRH:0
end_of_record
TN:
SF:components/UnifiedReferenceSystem.tsx
FN:57,(anonymous_0)
FN:66,(anonymous_1)
FN:73,(anonymous_2)
FN:135,(anonymous_3)
FN:157,(anonymous_4)
FN:160,(anonymous_5)
FN:160,(anonymous_6)
FN:166,(anonymous_7)
FN:184,(anonymous_8)
FN:218,(anonymous_9)
FN:226,(anonymous_10)
FN:239,(anonymous_11)
FN:242,(anonymous_12)
FN:259,(anonymous_13)
FN:260,(anonymous_14)
FN:268,(anonymous_15)
FN:269,(anonymous_16)
FN:278,(anonymous_17)
FN:279,(anonymous_18)
FN:290,(anonymous_19)
FN:291,(anonymous_20)
FN:292,(anonymous_21)
FN:293,(anonymous_22)
FN:331,(anonymous_23)
FN:343,(anonymous_24)
FN:379,(anonymous_25)
FN:382,(anonymous_26)
FN:412,(anonymous_27)
FN:437,(anonymous_28)
FN:440,(anonymous_29)
FN:470,(anonymous_30)
FN:498,(anonymous_31)
FN:499,(anonymous_32)
FN:500,(anonymous_33)
FN:508,(anonymous_34)
FN:521,(anonymous_35)
FN:529,(anonymous_36)
FN:537,(anonymous_37)
FN:556,(anonymous_38)
FN:579,(anonymous_39)
FN:615,(anonymous_40)
FN:621,(anonymous_41)
FN:628,(anonymous_42)
FN:634,(anonymous_43)
FNF:44
FNH:0
FNDA:0,(anonymous_0)
FNDA:0,(anonymous_1)
FNDA:0,(anonymous_2)
FNDA:0,(anonymous_3)
FNDA:0,(anonymous_4)
FNDA:0,(anonymous_5)
FNDA:0,(anonymous_6)
FNDA:0,(anonymous_7)
FNDA:0,(anonymous_8)
FNDA:0,(anonymous_9)
FNDA:0,(anonymous_10)
FNDA:0,(anonymous_11)
FNDA:0,(anonymous_12)
FNDA:0,(anonymous_13)
FNDA:0,(anonymous_14)
FNDA:0,(anonymous_15)
FNDA:0,(anonymous_16)
FNDA:0,(anonymous_17)
FNDA:0,(anonymous_18)
FNDA:0,(anonymous_19)
FNDA:0,(anonymous_20)
FNDA:0,(anonymous_21)
FNDA:0,(anonymous_22)
FNDA:0,(anonymous_23)
FNDA:0,(anonymous_24)
FNDA:0,(anonymous_25)
FNDA:0,(anonymous_26)
FNDA:0,(anonymous_27)
FNDA:0,(anonymous_28)
FNDA:0,(anonymous_29)
FNDA:0,(anonymous_30)
FNDA:0,(anonymous_31)
FNDA:0,(anonymous_32)
FNDA:0,(anonymous_33)
FNDA:0,(anonymous_34)
FNDA:0,(anonymous_35)
FNDA:0,(anonymous_36)
FNDA:0,(anonymous_37)
FNDA:0,(anonymous_38)
FNDA:0,(anonymous_39)
FNDA:0,(anonymous_40)
FNDA:0,(anonymous_41)
FNDA:0,(anonymous_42)
FNDA:0,(anonymous_43)
DA:57,0
DA:58,0
DA:59,0
DA:60,0
DA:61,0
DA:62,0
DA:63,0
DA:64,0
DA:66,0
DA:67,0
DA:68,0
DA:69,0
DA:73,0
DA:74,0
DA:75,0
DA:77,0
DA:127,0
DA:129,0
DA:131,0
DA:135,0
DA:136,0
DA:138,0
DA:151,0
DA:153,0
DA:157,0
DA:158,0
DA:160,0
DA:161,0
DA:164,0
DA:166,0
DA:167,0
DA:168,0
DA:184,0
DA:188,0
DA:192,0
DA:200,0
DA:201,0
DA:208,0
DA:218,0
DA:226,0
DA:240,0
DA:242,0
DA:259,0
DA:260,0
DA:268,0
DA:270,0
DA:271,0
DA:278,0
DA:280,0
DA:281,0
DA:290,0
DA:291,0
DA:292,0
DA:293,0
DA:295,0
DA:331,0
DA:344,0
DA:379,0
DA:380,0
DA:383,0
DA:413,0
DA:437,0
DA:438,0
DA:441,0
DA:471,0
DA:498,0
DA:499,0
DA:500,0
DA:502,0
DA:509,0
DA:522,0
DA:529,0
DA:537,0
DA:557,0
DA:579,0
DA:580,0
DA:615,0
DA:616,0
DA:621,0
DA:628,0
DA:629,0
DA:634,0
LF:82
LH:0
BRDA:67,0,0,0
BRDA:143,1,0,0
BRDA:143,1,1,0
BRDA:161,2,0,0
BRDA:161,2,1,0
BRDA:164,3,0,0
BRDA:167,4,0,0
BRDA:200,5,0,0
BRDA:244,6,0,0
BRDA:244,6,1,0
BRDA:258,7,0,0
BRDA:258,7,1,0
BRDA:259,8,0,0
BRDA:259,8,1,0
BRDA:260,9,0,0
BRDA:260,9,1,0
BRDA:261,10,0,0
BRDA:261,10,1,0
BRDA:262,11,0,0
BRDA:262,11,1,0
BRDA:266,12,0,0
BRDA:266,12,1,0
BRDA:276,13,0,0
BRDA:276,13,1,0
BRDA:331,14,0,0
BRDA:331,14,1,0
BRDA:348,15,0,0
BRDA:348,15,1,0
BRDA:349,16,0,0
BRDA:349,16,1,0
BRDA:363,17,0,0
BRDA:363,17,1,0
BRDA:389,18,0,0
BRDA:389,18,1,0
BRDA:466,19,0,0
BRDA:466,19,1,0
BRDA:552,20,0,0
BRDA:552,20,1,0
BRDA:562,21,0,0
BRDA:562,21,1,0
BRF:40
BRH:0
end_of_record
TN:
SF:components/icons.tsx
FN:3,(anonymous_0)
FN:7,(anonymous_1)
FN:11,(anonymous_2)
FN:15,(anonymous_3)
FN:19,(anonymous_4)
FN:23,(anonymous_5)
FN:27,(anonymous_6)
FN:31,(anonymous_7)
FN:35,(anonymous_8)
FN:39,(anonymous_9)
FN:43,(anonymous_10)
FN:47,(anonymous_11)
FN:51,(anonymous_12)
FN:55,(anonymous_13)
FN:59,(anonymous_14)
FN:76,(anonymous_15)
FN:80,(anonymous_16)
FN:84,(anonymous_17)
FN:88,(anonymous_18)
FN:92,(anonymous_19)
FN:96,(anonymous_20)
FN:100,(anonymous_21)
FN:104,(anonymous_22)
FN:108,(anonymous_23)
FN:114,(anonymous_24)
FN:118,(anonymous_25)
FN:122,(anonymous_26)
FN:126,(anonymous_27)
FN:132,(anonymous_28)
FN:136,(anonymous_29)
FN:140,(anonymous_30)
FN:144,(anonymous_31)
FN:148,(anonymous_32)
FN:152,(anonymous_33)
FN:156,(anonymous_34)
FN:160,(anonymous_35)
FN:164,(anonymous_36)
FN:168,(anonymous_37)
FN:172,(anonymous_38)
FN:176,(anonymous_39)
FN:187,(anonymous_40)
FN:195,(anonymous_41)
FN:202,(anonymous_42)
FN:210,(anonymous_43)
FN:220,(anonymous_44)
FN:229,(anonymous_45)
FN:237,(anonymous_46)
FN:243,(anonymous_47)
FN:250,(anonymous_48)
FN:257,(anonymous_49)
FN:266,(anonymous_50)
FN:275,(anonymous_51)
FN:281,(anonymous_52)
FN:288,(anonymous_53)
FN:295,(anonymous_54)
FN:305,(anonymous_55)
FN:313,(anonymous_56)
FN:322,(anonymous_57)
FN:330,(anonymous_58)
FN:336,(anonymous_59)
FN:345,(anonymous_60)
FN:351,(anonymous_61)
FN:358,(anonymous_62)
FN:367,(anonymous_63)
FN:375,(anonymous_64)
FN:381,(anonymous_65)
FN:385,(anonymous_66)
FN:397,(anonymous_67)
FN:403,(anonymous_68)
FN:410,(anonymous_69)
FN:416,(anonymous_70)
FN:423,(anonymous_71)
FN:432,(anonymous_72)
FN:443,(anonymous_73)
FN:451,(anonymous_74)
FN:461,(anonymous_75)
FN:466,(anonymous_76)
FN:470,(anonymous_77)
FN:474,(anonymous_78)
FN:478,(anonymous_79)
FN:482,(anonymous_80)
FN:486,(anonymous_81)
FN:493,(anonymous_82)
FN:509,(anonymous_83)
FN:518,(anonymous_84)
FN:524,(anonymous_85)
FN:528,(anonymous_86)
FN:532,(anonymous_87)
FN:536,(anonymous_88)
FN:540,(anonymous_89)
FN:544,(anonymous_90)
FN:551,(anonymous_91)
FN:558,(anonymous_92)
FN:564,(anonymous_93)
FN:571,(anonymous_94)
FN:579,(anonymous_95)
FN:588,(anonymous_96)
FN:595,(anonymous_97)
FN:603,(anonymous_98)
FN:612,(anonymous_99)
FN:618,(anonymous_100)
FN:625,(anonymous_101)
FN:632,(anonymous_102)
FN:639,(anonymous_103)
FN:647,(anonymous_104)
FN:657,(anonymous_105)
FN:664,(anonymous_106)
FN:672,(anonymous_107)
FN:681,(anonymous_108)
FN:689,(anonymous_109)
FN:697,(anonymous_110)
FN:704,(anonymous_111)
FN:708,(anonymous_112)
FN:714,(anonymous_113)
FN:723,(anonymous_114)
FN:729,(anonymous_115)
FN:733,(anonymous_116)
FN:737,(anonymous_117)
FN:741,(anonymous_118)
FN:745,(anonymous_119)
FN:749,(anonymous_120)
FN:753,(anonymous_121)
FN:757,(anonymous_122)
FN:761,(anonymous_123)
FN:767,(anonymous_124)
FN:771,(anonymous_125)
FN:775,(anonymous_126)
FN:779,(anonymous_127)
FN:783,(anonymous_128)
FN:789,(anonymous_129)
FN:795,(anonymous_130)
FN:802,(anonymous_131)
FN:806,(anonymous_132)
FN:812,(anonymous_133)
FN:816,(anonymous_134)
FN:820,(anonymous_135)
FN:824,(anonymous_136)
FN:828,(anonymous_137)
FN:832,(anonymous_138)
FN:839,(anonymous_139)
FN:845,(anonymous_140)
FN:851,(anonymous_141)
FN:860,(anonymous_142)
FN:868,(anonymous_143)
FN:874,(anonymous_144)
FN:880,(anonymous_145)
FN:887,(anonymous_146)
FN:893,(anonymous_147)
FN:899,(anonymous_148)
FN:905,(anonymous_149)
FN:911,(anonymous_150)
FN:917,(anonymous_151)
FN:924,(anonymous_152)
FN:930,(anonymous_153)
FN:936,(anonymous_154)
FN:942,(anonymous_155)
FN:949,(anonymous_156)
FN:961,(anonymous_157)
FN:967,(anonymous_158)
FN:973,(anonymous_159)
FN:980,(anonymous_160)
FN:986,(anonymous_161)
FN:992,(anonymous_162)
FN:998,(anonymous_163)
FN:1004,(anonymous_164)
FN:1010,(anonymous_165)
FN:1016,(anonymous_166)
FN:1022,(anonymous_167)
FN:1029,(anonymous_168)
FN:1035,(anonymous_169)
FN:1041,(anonymous_170)
FN:1047,(anonymous_171)
FN:1053,(anonymous_172)
FN:1059,(anonymous_173)
FNF:174
FNH:0
FNDA:0,(anonymous_0)
FNDA:0,(anonymous_1)
FNDA:0,(anonymous_2)
FNDA:0,(anonymous_3)
FNDA:0,(anonymous_4)
FNDA:0,(anonymous_5)
FNDA:0,(anonymous_6)
FNDA:0,(anonymous_7)
FNDA:0,(anonymous_8)
FNDA:0,(anonymous_9)
FNDA:0,(anonymous_10)
FNDA:0,(anonymous_11)
FNDA:0,(anonymous_12)
FNDA:0,(anonymous_13)
FNDA:0,(anonymous_14)
FNDA:0,(anonymous_15)
FNDA:0,(anonymous_16)
FNDA:0,(anonymous_17)
FNDA:0,(anonymous_18)
FNDA:0,(anonymous_19)
FNDA:0,(anonymous_20)
FNDA:0,(anonymous_21)
FNDA:0,(anonymous_22)
FNDA:0,(anonymous_23)
FNDA:0,(anonymous_24)
FNDA:0,(anonymous_25)
FNDA:0,(anonymous_26)
FNDA:0,(anonymous_27)
FNDA:0,(anonymous_28)
FNDA:0,(anonymous_29)
FNDA:0,(anonymous_30)
FNDA:0,(anonymous_31)
FNDA:0,(anonymous_32)
FNDA:0,(anonymous_33)
FNDA:0,(anonymous_34)
FNDA:0,(anonymous_35)
FNDA:0,(anonymous_36)
FNDA:0,(anonymous_37)
FNDA:0,(anonymous_38)
FNDA:0,(anonymous_39)
FNDA:0,(anonymous_40)
FNDA:0,(anonymous_41)
FNDA:0,(anonymous_42)
FNDA:0,(anonymous_43)
FNDA:0,(anonymous_44)
FNDA:0,(anonymous_45)
FNDA:0,(anonymous_46)
FNDA:0,(anonymous_47)
FNDA:0,(anonymous_48)
FNDA:0,(anonymous_49)
FNDA:0,(anonymous_50)
FNDA:0,(anonymous_51)
FNDA:0,(anonymous_52)
FNDA:0,(anonymous_53)
FNDA:0,(anonymous_54)
FNDA:0,(anonymous_55)
FNDA:0,(anonymous_56)
FNDA:0,(anonymous_57)
FNDA:0,(anonymous_58)
FNDA:0,(anonymous_59)
FNDA:0,(anonymous_60)
FNDA:0,(anonymous_61)
FNDA:0,(anonymous_62)
FNDA:0,(anonymous_63)
FNDA:0,(anonymous_64)
FNDA:0,(anonymous_65)
FNDA:0,(anonymous_66)
FNDA:0,(anonymous_67)
FNDA:0,(anonymous_68)
FNDA:0,(anonymous_69)
FNDA:0,(anonymous_70)
FNDA:0,(anonymous_71)
FNDA:0,(anonymous_72)
FNDA:0,(anonymous_73)
FNDA:0,(anonymous_74)
FNDA:0,(anonymous_75)
FNDA:0,(anonymous_76)
FNDA:0,(anonymous_77)
FNDA:0,(anonymous_78)
FNDA:0,(anonymous_79)
FNDA:0,(anonymous_80)
FNDA:0,(anonymous_81)
FNDA:0,(anonymous_82)
FNDA:0,(anonymous_83)
FNDA:0,(anonymous_84)
FNDA:0,(anonymous_85)
FNDA:0,(anonymous_86)
FNDA:0,(anonymous_87)
FNDA:0,(anonymous_88)
FNDA:0,(anonymous_89)
FNDA:0,(anonymous_90)
FNDA:0,(anonymous_91)
FNDA:0,(anonymous_92)
FNDA:0,(anonymous_93)
FNDA:0,(anonymous_94)
FNDA:0,(anonymous_95)
FNDA:0,(anonymous_96)
FNDA:0,(anonymous_97)
FNDA:0,(anonymous_98)
FNDA:0,(anonymous_99)
FNDA:0,(anonymous_100)
FNDA:0,(anonymous_101)
FNDA:0,(anonymous_102)
FNDA:0,(anonymous_103)
FNDA:0,(anonymous_104)
FNDA:0,(anonymous_105)
FNDA:0,(anonymous_106)
FNDA:0,(anonymous_107)
FNDA:0,(anonymous_108)
FNDA:0,(anonymous_109)
FNDA:0,(anonymous_110)
FNDA:0,(anonymous_111)
FNDA:0,(anonymous_112)
FNDA:0,(anonymous_113)
FNDA:0,(anonymous_114)
FNDA:0,(anonymous_115)
FNDA:0,(anonymous_116)
FNDA:0,(anonymous_117)
FNDA:0,(anonymous_118)
FNDA:0,(anonymous_119)
FNDA:0,(anonymous_120)
FNDA:0,(anonymous_121)
FNDA:0,(anonymous_122)
FNDA:0,(anonymous_123)
FNDA:0,(anonymous_124)
FNDA:0,(anonymous_125)
FNDA:0,(anonymous_126)
FNDA:0,(anonymous_127)
FNDA:0,(anonymous_128)
FNDA:0,(anonymous_129)
FNDA:0,(anonymous_130)
FNDA:0,(anonymous_131)
FNDA:0,(anonymous_132)
FNDA:0,(anonymous_133)
FNDA:0,(anonymous_134)
FNDA:0,(anonymous_135)
FNDA:0,(anonymous_136)
FNDA:0,(anonymous_137)
FNDA:0,(anonymous_138)
FNDA:0,(anonymous_139)
FNDA:0,(anonymous_140)
FNDA:0,(anonymous_141)
FNDA:0,(anonymous_142)
FNDA:0,(anonymous_143)
FNDA:0,(anonymous_144)
FNDA:0,(anonymous_145)
FNDA:0,(anonymous_146)
FNDA:0,(anonymous_147)
FNDA:0,(anonymous_148)
FNDA:0,(anonymous_149)
FNDA:0,(anonymous_150)
FNDA:0,(anonymous_151)
FNDA:0,(anonymous_152)
FNDA:0,(anonymous_153)
FNDA:0,(anonymous_154)
FNDA:0,(anonymous_155)
FNDA:0,(anonymous_156)
FNDA:0,(anonymous_157)
FNDA:0,(anonymous_158)
FNDA:0,(anonymous_159)
FNDA:0,(anonymous_160)
FNDA:0,(anonymous_161)
FNDA:0,(anonymous_162)
FNDA:0,(anonymous_163)
FNDA:0,(anonymous_164)
FNDA:0,(anonymous_165)
FNDA:0,(anonymous_166)
FNDA:0,(anonymous_167)
FNDA:0,(anonymous_168)
FNDA:0,(anonymous_169)
FNDA:0,(anonymous_170)
FNDA:0,(anonymous_171)
FNDA:0,(anonymous_172)
FNDA:0,(anonymous_173)
DA:3,0
DA:4,0
DA:7,0
DA:8,0
DA:11,0
DA:12,0
DA:15,0
DA:16,0
DA:19,0
DA:20,0
DA:23,0
DA:24,0
DA:27,0
DA:28,0
DA:31,0
DA:32,0
DA:35,0
DA:36,0
DA:39,0
DA:40,0
DA:43,0
DA:44,0
DA:47,0
DA:48,0
DA:51,0
DA:52,0
DA:55,0
DA:56,0
DA:59,0
DA:60,0
DA:76,0
DA:77,0
DA:80,0
DA:81,0
DA:84,0
DA:85,0
DA:88,0
DA:89,0
DA:92,0
DA:93,0
DA:96,0
DA:97,0
DA:100,0
DA:101,0
DA:104,0
DA:105,0
DA:108,0
DA:109,0
DA:114,0
DA:115,0
DA:118,0
DA:119,0
DA:122,0
DA:123,0
DA:126,0
DA:127,0
DA:132,0
DA:133,0
DA:136,0
DA:137,0
DA:140,0
DA:141,0
DA:144,0
DA:145,0
DA:148,0
DA:149,0
DA:152,0
DA:153,0
DA:156,0
DA:157,0
DA:160,0
DA:161,0
DA:164,0
DA:165,0
DA:168,0
DA:169,0
DA:172,0
DA:173,0
DA:176,0
DA:177,0
DA:187,0
DA:188,0
DA:195,0
DA:196,0
DA:202,0
DA:203,0
DA:210,0
DA:211,0
DA:220,0
DA:221,0
DA:229,0
DA:230,0
DA:237,0
DA:238,0
DA:243,0
DA:244,0
DA:250,0
DA:251,0
DA:257,0
DA:258,0
DA:266,0
DA:267,0
DA:275,0
DA:276,0
DA:281,0
DA:282,0
DA:288,0
DA:289,0
DA:295,0
DA:296,0
DA:305,0
DA:306,0
DA:313,0
DA:314,0
DA:322,0
DA:323,0
DA:330,0
DA:331,0
DA:336,0
DA:337,0
DA:345,0
DA:346,0
DA:351,0
DA:352,0
DA:358,0
DA:359,0
DA:367,0
DA:368,0
DA:375,0
DA:376,0
DA:381,0
DA:382,0
DA:385,0
DA:386,0
DA:397,0
DA:398,0
DA:403,0
DA:404,0
DA:410,0
DA:411,0
DA:416,0
DA:417,0
DA:423,0
DA:424,0
DA:432,0
DA:433,0
DA:443,0
DA:444,0
DA:451,0
DA:452,0
DA:461,0
DA:462,0
DA:466,0
DA:467,0
DA:470,0
DA:471,0
DA:474,0
DA:475,0
DA:478,0
DA:479,0
DA:482,0
DA:483,0
DA:486,0
DA:487,0
DA:493,0
DA:494,0
DA:509,0
DA:510,0
DA:518,0
DA:519,0
DA:524,0
DA:525,0
DA:528,0
DA:529,0
DA:532,0
DA:533,0
DA:536,0
DA:537,0
DA:540,0
DA:541,0
DA:544,0
DA:545,0
DA:551,0
DA:552,0
DA:558,0
DA:559,0
DA:564,0
DA:565,0
DA:571,0
DA:572,0
DA:579,0
DA:580,0
DA:588,0
DA:589,0
DA:595,0
DA:596,0
DA:603,0
DA:604,0
DA:612,0
DA:613,0
DA:618,0
DA:619,0
DA:625,0
DA:626,0
DA:632,0
DA:633,0
DA:639,0
DA:640,0
DA:647,0
DA:648,0
DA:657,0
DA:658,0
DA:664,0
DA:665,0
DA:672,0
[...]
FN:496,(anonymous_28)
FN:508,(anonymous_29)
FNF:30
FNH:0
FNDA:0,(anonymous_0)
FNDA:0,(anonymous_1)
FNDA:0,(anonymous_2)
FNDA:0,(anonymous_3)
FNDA:0,(anonymous_4)
FNDA:0,(anonymous_5)
FNDA:0,(anonymous_6)
FNDA:0,(anonymous_7)
FNDA:0,(anonymous_8)
FNDA:0,(anonymous_9)
FNDA:0,(anonymous_10)
FNDA:0,(anonymous_11)
FNDA:0,(anonymous_12)
FNDA:0,(anonymous_13)
FNDA:0,(anonymous_14)
FNDA:0,(anonymous_15)
FNDA:0,(anonymous_16)
FNDA:0,(anonymous_17)
FNDA:0,(anonymous_18)
FNDA:0,(anonymous_19)
FNDA:0,(anonymous_20)
FNDA:0,(anonymous_21)
FNDA:0,(anonymous_22)
FNDA:0,(anonymous_23)
FNDA:0,(anonymous_24)
FNDA:0,(anonymous_25)
FNDA:0,(anonymous_26)
FNDA:0,(anonymous_27)
FNDA:0,(anonymous_28)
FNDA:0,(anonymous_29)
DA:35,0
DA:36,0
DA:37,0
DA:38,0
DA:39,0
DA:42,0
DA:54,0
DA:62,0
DA:63,0
DA:64,0
DA:67,0
DA:68,0
DA:69,0
DA:70,0
DA:71,0
DA:73,0
DA:77,0
DA:78,0
DA:79,0
DA:80,0
DA:81,0
DA:83,0
DA:87,0
DA:88,0
DA:89,0
DA:91,0
DA:92,0
DA:98,0
DA:99,0
DA:109,0
DA:110,0
DA:113,0
DA:115,0
DA:119,0
DA:120,0
DA:121,0
DA:123,0
DA:124,0
DA:130,0
DA:131,0
DA:132,0
DA:133,0
DA:135,0
DA:138,0
DA:140,0
DA:144,0
DA:145,0
DA:146,0
DA:147,0
DA:148,0
DA:149,0
DA:150,0
DA:151,0
DA:155,0
DA:156,0
DA:159,0
DA:176,0
DA:178,0
DA:196,0
DA:208,0
DA:215,0
DA:241,0
DA:264,0
DA:276,0
DA:283,0
DA:329,0
DA:342,0
DA:360,0
DA:379,0
DA:393,0
DA:406,0
DA:420,0
DA:429,0
DA:454,0
DA:468,0
DA:482,0
DA:496,0
DA:508,0
LF:78
LH:0
BRDA:71,0,0,0
BRDA:71,0,1,0
BRDA:81,1,0,0
BRDA:81,1,1,0
BRDA:98,2,0,0
BRDA:130,3,0,0
BRDA:145,4,0,0
BRDA:145,4,1,0
BRDA:145,4,2,0
BRDA:145,4,3,0
BRDA:145,4,4,0
BRDA:145,4,5,0
BRDA:180,5,0,0
BRDA:180,5,1,0
BRDA:192,6,0,0
BRDA:192,6,1,0
BRDA:201,7,0,0
BRDA:201,7,1,0
BRDA:231,8,0,0
BRDA:231,8,1,0
BRDA:238,9,0,0
BRDA:238,9,1,0
BRDA:260,10,0,0
BRDA:260,10,1,0
BRDA:269,11,0,0
BRDA:269,11,1,0
BRDA:317,12,0,0
BRDA:317,12,1,0
BRDA:433,13,0,0
BRDA:433,13,1,0
BRDA:441,14,0,0
BRDA:441,14,1,0
BRDA:512,15,0,0
BRDA:512,15,1,0
BRF:34
BRH:0
end_of_record
TN:
SF:pages/StatisticalAnalysisToolsPage.tsx
FN:65,(anonymous_0)
FN:332,(anonymous_1)
FN:340,(anonymous_2)
FN:342,(anonymous_3)
FN:343,(anonymous_4)
FN:355,(anonymous_5)
FN:359,(anonymous_6)
FN:366,(anonymous_7)
FN:367,(anonymous_8)
FN:367,(anonymous_9)
FN:368,(anonymous_10)
FN:368,(anonymous_11)
FN:372,(anonymous_12)
FN:379,(anonymous_13)
FN:380,(anonymous_14)
FN:380,(anonymous_15)
FN:385,(anonymous_16)
FN:395,(anonymous_17)
FN:398,(anonymous_18)
FN:405,(anonymous_19)
FN:406,(anonymous_20)
FN:406,(anonymous_21)
FN:409,(anonymous_22)
FN:416,(anonymous_23)
FN:443,(anonymous_24)
FN:443,(anonymous_25)
FN:451,(anonymous_26)
FN:451,(anonymous_27)
FN:457,(anonymous_28)
FN:486,(anonymous_29)
FN:509,(anonymous_30)
FN:515,(anonymous_31)
FN:522,(anonymous_32)
FN:537,(anonymous_33)
FN:541,(anonymous_34)
FN:547,(anonymous_35)
FN:551,(anonymous_36)
FN:560,(anonymous_37)
FN:564,(anonymous_38)
FN:570,(anonymous_39)
FN:579,(anonymous_40)
FN:580,(anonymous_41)
FN:581,(anonymous_42)
FN:582,(anonymous_43)
FN:605,(anonymous_44)
FN:608,(anonymous_45)
FN:635,(anonymous_46)
FN:642,(anonymous_47)
FN:658,(anonymous_48)
FN:674,(anonymous_49)
FN:688,(anonymous_50)
FN:723,(anonymous_51)
FN:724,(anonymous_52)
FN:752,(anonymous_53)
FN:753,(anonymous_54)
FN:769,(anonymous_55)
FN:776,(anonymous_56)
FN:787,(anonymous_57)
FN:795,(anonymous_58)
FN:806,(anonymous_59)
FN:816,(anonymous_60)
FN:839,(anonymous_61)
FN:853,(anonymous_62)
FN:874,(anonymous_63)
FN:883,(anonymous_64)
FN:886,(anonymous_65)
FN:902,(anonymous_66)
FN:909,(anonymous_67)
FN:914,(anonymous_68)
FN:965,(anonymous_69)
FN:972,(anonymous_70)
FN:1071,(anonymous_71)
FN:1075,(anonymous_72)
FN:1125,(anonymous_73)
FN:1126,(anonymous_74)
FN:1127,(anonymous_75)
FN:1132,(anonymous_76)
FN:1168,(anonymous_77)
FN:1196,(anonymous_78)
FN:1197,(anonymous_79)
FN:1198,(anonymous_80)
FN:1206,(anonymous_81)
FN:1217,(anonymous_82)
FN:1234,(anonymous_83)
FN:1235,(anonymous_84)
FN:1274,(anonymous_85)
FN:1294,(anonymous_86)
FN:1350,(anonymous_87)
FN:1359,(anonymous_88)
FN:1368,(anonymous_89)
FN:1398,(anonymous_90)
FN:1434,(anonymous_91)
FN:1458,(anonymous_92)
FN:1459,(anonymous_93)
FN:1460,(anonymous_94)
FN:1463,(anonymous_95)
FN:1464,(anonymous_96)
FN:1465,(anonymous_97)
FNF:98
FNH:0
FNDA:0,(anonymous_0)
FNDA:0,(anonymous_1)
FNDA:0,(anonymous_2)
FNDA:0,(anonymous_3)
FNDA:0,(anonymous_4)
FNDA:0,(anonymous_5)
FNDA:0,(anonymous_6)
FNDA:0,(anonymous_7)
FNDA:0,(anonymous_8)
FNDA:0,(anonymous_9)
FNDA:0,(anonymous_10)
FNDA:0,(anonymous_11)
FNDA:0,(anonymous_12)
FNDA:0,(anonymous_13)
FNDA:0,(anonymous_14)
FNDA:0,(anonymous_15)
FNDA:0,(anonymous_16)
FNDA:0,(anonymous_17)
FNDA:0,(anonymous_18)
FNDA:0,(anonymous_19)
FNDA:0,(anonymous_20)
FNDA:0,(anonymous_21)
FNDA:0,(anonymous_22)
FNDA:0,(anonymous_23)
FNDA:0,(anonymous_24)
FNDA:0,(anonymous_25)
FNDA:0,(anonymous_26)
FNDA:0,(anonymous_27)
FNDA:0,(anonymous_28)
FNDA:0,(anonymous_29)
FNDA:0,(anonymous_30)
FNDA:0,(anonymous_31)
FNDA:0,(anonymous_32)
FNDA:0,(anonymous_33)
FNDA:0,(anonymous_34)
FNDA:0,(anonymous_35)
FNDA:0,(anonymous_36)
FNDA:0,(anonymous_37)
FNDA:0,(anonymous_38)
FNDA:0,(anonymous_39)
FNDA:0,(anonymous_40)
FNDA:0,(anonymous_41)
FNDA:0,(anonymous_42)
FNDA:0,(anonymous_43)
FNDA:0,(anonymous_44)
FNDA:0,(anonymous_45)
FNDA:0,(anonymous_46)
FNDA:0,(anonymous_47)
FNDA:0,(anonymous_48)
FNDA:0,(anonymous_49)
FNDA:0,(anonymous_50)
FNDA:0,(anonymous_51)
FNDA:0,(anonymous_52)
FNDA:0,(anonymous_53)
FNDA:0,(anonymous_54)
FNDA:0,(anonymous_55)
FNDA:0,(anonymous_56)
FNDA:0,(anonymous_57)
FNDA:0,(anonymous_58)
FNDA:0,(anonymous_59)
FNDA:0,(anonymous_60)
FNDA:0,(anonymous_61)
FNDA:0,(anonymous_62)
FNDA:0,(anonymous_63)
FNDA:0,(anonymous_64)
FNDA:0,(anonymous_65)
FNDA:0,(anonymous_66)
FNDA:0,(anonymous_67)
FNDA:0,(anonymous_68)
FNDA:0,(anonymous_69)
FNDA:0,(anonymous_70)
FNDA:0,(anonymous_71)
FNDA:0,(anonymous_72)
FNDA:0,(anonymous_73)
FNDA:0,(anonymous_74)
FNDA:0,(anonymous_75)
FNDA:0,(anonymous_76)
FNDA:0,(anonymous_77)
FNDA:0,(anonymous_78)
FNDA:0,(anonymous_79)
FNDA:0,(anonymous_80)
FNDA:0,(anonymous_81)
FNDA:0,(anonymous_82)
FNDA:0,(anonymous_83)
FNDA:0,(anonymous_84)
FNDA:0,(anonymous_85)
FNDA:0,(anonymous_86)
FNDA:0,(anonymous_87)
FNDA:0,(anonymous_88)
FNDA:0,(anonymous_89)
FNDA:0,(anonymous_90)
FNDA:0,(anonymous_91)
FNDA:0,(anonymous_92)
FNDA:0,(anonymous_93)
FNDA:0,(anonymous_94)
FNDA:0,(anonymous_95)
FNDA:0,(anonymous_96)
FNDA:0,(anonymous_97)
DA:65,0
DA:67,0
DA:68,0
DA:69,0
DA:70,0
DA:71,0
DA:72,0
DA:73,0
DA:74,0
DA:75,0
DA:76,0
DA:79,0
DA:80,0
DA:81,0
DA:82,0
DA:83,0
DA:84,0
DA:85,0
DA:86,0
DA:89,0
DA:99,0
DA:332,0
DA:333,0
DA:334,0
DA:336,0
DA:340,0
DA:342,0
DA:343,0
DA:344,0
DA:346,0
DA:355,0
DA:356,0
DA:359,0
DA:366,0
DA:367,0
DA:368,0
DA:369,0
DA:372,0
DA:379,0
DA:380,0
DA:381,0
DA:385,0
DA:386,0
DA:387,0
DA:395,0
DA:398,0
DA:405,0
DA:406,0
DA:409,0
DA:416,0
DA:417,0
DA:419,0
DA:420,0
DA:421,0
DA:434,0
DA:435,0
DA:438,0
DA:439,0
DA:440,0
DA:443,0
DA:449,0
DA:451,0
DA:453,0
DA:457,0
DA:458,0
DA:459,0
DA:476,0
DA:477,0
DA:480,0
DA:482,0
DA:486,0
DA:487,0
DA:488,0
DA:494,0
DA:495,0
DA:498,0
DA:499,0
DA:500,0
DA:501,0
DA:502,0
DA:504,0
DA:509,0
DA:510,0
DA:511,0
DA:512,0
DA:513,0
DA:515,0
DA:516,0
DA:517,0
DA:518,0
DA:522,0
DA:523,0
DA:524,0
DA:525,0
DA:527,0
DA:528,0
DA:533,0
DA:534,0
DA:537,0
DA:538,0
DA:541,0
DA:542,0
DA:543,0
DA:544,0
DA:547,0
DA:548,0
DA:549,0
DA:551,0
DA:552,0
DA:553,0
DA:560,0
DA:561,0
DA:564,0
DA:565,0
DA:566,0
DA:567,0
DA:570,0
DA:571,0
DA:572,0
DA:573,0
DA:575,0
DA:576,0
DA:579,0
DA:580,0
DA:581,0
DA:582,0
DA:584,0
DA:586,0
DA:587,0
DA:588,0
DA:589,0
DA:591,0
DA:605,0
DA:606,0
DA:608,0
DA:609,0
DA:611,0
DA:612,0
DA:614,0
DA:627,0
DA:635,0
DA:642,0
DA:659,0
DA:660,0
DA:674,0
DA:689,0
DA:690,0
DA:691,0
DA:724,0
DA:725,0
DA:727,0
DA:734,0
DA:741,0
DA:752,0
DA:753,0
DA:770,0
DA:776,0
DA:788,0
DA:795,0
DA:807,0
DA:808,0
DA:817,0
DA:818,0
DA:839,0
DA:853,0
DA:854,0
DA:856,0
DA:874,0
DA:884,0
DA:886,0
DA:903,0
DA:910,0
DA:911,0
DA:912,0
DA:914,0
DA:965,0
DA:972,0
DA:1071,0
DA:1072,0
DA:1073,0
DA:1075,0
DA:1076,0
DA:1077,0
DA:1089,0
DA:1090,0
DA:1093,0
DA:1094,0
DA:1095,0
DA:1096,0
DA:1097,0
DA:1098,0
DA:1099,0
DA:1100,0
DA:1101,0
DA:1103,0
DA:1107,0
DA:1126,0
DA:1127,0
DA:1129,0
DA:1132,0
DA:1168,0
DA:1197,0
DA:1198,0
DA:1199,0
DA:1206,0
DA:1218,0
DA:1219,0
DA:1221,0
DA:1222,0
DA:1234,0
DA:1235,0
DA:1237,0
DA:1238,0
DA:1259,0
DA:1260,0
DA:1275,0
DA:1295,0
DA:1310,0
DA:1335,0
DA:1350,0
DA:1359,0
DA:1368,0
DA:1399,0
DA:1400,0
DA:1401,0
DA:1402,0
DA:1434,0
DA:1458,0
DA:1459,0
DA:1460,0
DA:1463,0
DA:1464,0
DA:1465,0
LF:233
LH:0
BRDA:333,0,0,0
BRDA:333,0,1,0
BRDA:334,1,0,0
BRDA:334,1,1,0
BRDA:336,2,0,0
BRDA:336,2,1,0
BRDA:344,3,0,0
BRDA:368,4,0,0
BRDA:368,4,1,0
BRDA:369,5,0,0
BRDA:381,6,0,0
BRDA:381,6,1,0
BRDA:417,7,0,0
BRDA:434,8,0,0
BRDA:445,9,0,0
BRDA:445,9,1,0
BRDA:476,10,0,0
BRDA:494,11,0,0
BRDA:516,12,0,0
BRDA:525,13,0,0
BRDA:525,14,0,0
BRDA:525,14,1,0
BRDA:552,15,0,0
BRDA:572,16,0,0
BRDA:572,17,0,0
BRDA:572,17,1,0
BRDA:584,18,0,0
BRDA:584,19,0,0
BRDA:584,19,1,0
BRDA:606,20,0,0
BRDA:606,21,0,0
BRDA:606,21,1,0
BRDA:609,22,0,0
BRDA:689,23,0,0
BRDA:689,24,0,0
BRDA:689,24,1,0
BRDA:725,25,0,0
BRDA:745,26,0,0
BRDA:745,26,1,0
BRDA:746,27,0,0
BRDA:746,27,1,0
BRDA:746,28,0,0
BRDA:746,28,1,0
BRDA:750,29,0,0
BRDA:750,29,1,0
BRDA:767,30,0,0
BRDA:767,30,1,0
BRDA:785,31,0,0
BRDA:785,31,1,0
BRDA:803,32,0,0
BRDA:803,32,1,0
BRDA:832,33,0,0
BRDA:832,33,1,0
BRDA:888,34,0,0
BRDA:888,34,1,0
BRDA:906,35,0,0
BRDA:906,35,1,0
BRDA:931,36,0,0
BRDA:931,36,1,0
BRDA:937,37,0,0
BRDA:937,37,1,0
BRDA:948,38,0,0
BRDA:948,38,1,0
BRDA:1089,39,0,0
BRDA:1117,40,0,0
BRDA:1117,40,1,0
BRDA:1127,41,0,0
BRDA:1127,41,1,0
BRDA:1134,42,0,0
BRDA:1134,42,1,0
BRDA:1140,43,0,0
BRDA:1140,43,1,0
BRDA:1142,44,0,0
BRDA:1142,44,1,0
BRDA:1147,45,0,0
BRDA:1147,45,1,0
BRDA:1150,46,0,0
BRDA:1150,46,1,0
BRDA:1161,47,0,0
BRDA:1161,47,1,0
BRDA:1190,48,0,0
BRDA:1190,48,1,0
BRDA:1198,49,0,0
BRDA:1198,49,1,0
BRDA:1199,50,0,0
BRDA:1199,50,1,0
BRDA:1219,51,0,0
BRDA:1221,52,0,0
BRDA:1235,53,0,0
BRDA:1235,53,1,0
BRDA:1237,54,0,0
BRDA:1237,55,0,0
BRDA:1237,55,1,0
BRDA:1242,56,0,0
BRDA:1242,56,1,0
BRDA:1259,57,0,0
BRDA:1262,58,0,0
BRDA:1262,58,1,0
BRDA:1280,59,0,0
BRDA:1280,59,1,0
BRDA:1290,60,0,0
BRDA:1290,60,1,0
BRDA:1298,61,0,0
BRDA:1298,61,1,0
BRDA:1352,62,0,0
BRDA:1352,62,1,0
BRDA:1361,63,0,0
BRDA:1361,63,1,0
BRDA:1370,64,0,0
BRDA:1370,64,1,0
BRDA:1380,65,0,0
BRDA:1380,65,1,0
BRDA:1384,66,0,0
BRDA:1384,66,1,0
BRDA:1388,67,0,0
BRDA:1388,67,1,0
BRDA:1419,68,0,0
BRDA:1419,68,1,0
BRDA:1420,69,0,0
BRDA:1420,69,1,0
BRDA:1421,70,0,0
BRDA:1421,70,1,0
BRDA:1425,71,0,0
BRDA:1425,71,1,0
BRDA:1444,72,0,0
BRDA:1444,72,1,0
BRDA:1455,73,0,0
BRDA:1455,73,1,0
BRDA:1458,74,0,0
BRDA:1458,74,1,0
BRDA:1459,75,0,0
BRDA:1459,75,1,0
BRDA:1460,76,0,0
BRDA:1460,76,1,0
BRDA:1463,77,0,0
BRDA:1463,77,1,0
BRDA:1464,78,0,0
BRDA:1464,78,1,0
BRDA:1465,79,0,0
BRDA:1465,79,1,0
BRF:140
BRH:0
end_of_record
TN:
SF:pages/SupplierMarketplacePage.tsx
FN:4,(anonymous_0)
FN:43,(anonymous_1)
FN:89,(anonymous_2)
FN:103,(anonymous_3)
FN:120,(anonymous_4)
FN:139,(anonymous_5)
FN:166,(anonymous_6)
FNF:7
FNH:0
FNDA:0,(anonymous_0)
FNDA:0,(anonymous_1)
FNDA:0,(anonymous_2)
FNDA:0,(anonymous_3)
FNDA:0,(anonymous_4)
FNDA:0,(anonymous_5)
FNDA:0,(anonymous_6)
DA:4,0
DA:5,0
DA:6,0
DA:7,0
DA:10,0
DA:43,0
DA:44,0
DA:48,0
DA:51,0
DA:54,0
DA:89,0
DA:103,0
DA:120,0
DA:140,0
DA:167,0
LF:15
LH:0
BRDA:44,0,0,0
BRDA:44,0,1,0
BRDA:44,0,2,0
BRDA:48,1,0,0
BRDA:48,1,1,0
BRDA:48,1,2,0
BRDA:51,2,0,0
BRDA:51,2,1,0
BRDA:190,3,0,0
BRDA:190,3,1,0
BRDA:212,4,0,0
BRDA:212,4,1,0
BRF:12
BRH:0
end_of_record
TN:
SF:pages/TeamManagementPage.tsx
FN:34,(anonymous_0)
FN:45,(anonymous_1)
FN:49,(anonymous_2)
FN:55,(anonymous_3)
FN:98,(anonymous_4)
FN:107,(anonymous_5)
FN:143,(anonymous_6)
FN:166,(anonymous_7)
FN:182,(anonymous_8)
FN:208,(anonymous_9)
FN:224,(anonymous_10)
FN:256,(anonymous_11)
FN:262,(anonymous_12)
FN:285,(anonymous_13)
FN:288,(anonymous_14)
FN:348,(anonymous_15)
FN:384,(anonymous_16)
FN:385,(anonymous_17)
FN:435,(anonymous_18)
FN:454,(anonymous_19)
FNF:20
FNH:0
FNDA:0,(anonymous_0)
FNDA:0,(anonymous_1)
FNDA:0,(anonymous_2)
FNDA:0,(anonymous_3)
FNDA:0,(anonymous_4)
FNDA:0,(anonymous_5)
FNDA:0,(anonymous_6)
FNDA:0,(anonymous_7)
FNDA:0,(anonymous_8)
FNDA:0,(anonymous_9)
FNDA:0,(anonymous_10)
FNDA:0,(anonymous_11)
FNDA:0,(anonymous_12)
FNDA:0,(anonymous_13)
FNDA:0,(anonymous_14)
FNDA:0,(anonymous_15)
FNDA:0,(anonymous_16)
FNDA:0,(anonymous_17)
FNDA:0,(anonymous_18)
FNDA:0,(anonymous_19)
DA:34,0
DA:35,0
DA:36,0
DA:37,0
DA:38,0
DA:39,0
DA:40,0
DA:41,0
DA:42,0
DA:43,0
DA:45,0
DA:46,0
DA:49,0
DA:50,0
DA:51,0
DA:55,0
DA:56,0
DA:57,0
DA:59,0
DA:98,0
DA:99,0
DA:100,0
DA:102,0
DA:103,0
DA:107,0
DA:108,0
DA:110,0
DA:137,0
DA:139,0
DA:143,0
DA:144,0
DA:145,0
DA:147,0
DA:148,0
DA:157,0
DA:158,0
DA:162,0
DA:166,0
DA:167,0
DA:168,0
DA:169,0
DA:170,0
DA:172,0
DA:173,0
DA:174,0
DA:175,0
DA:176,0
DA:178,0
DA:182,0
DA:183,0
DA:186,0
DA:209,0
DA:210,0
DA:225,0
DA:226,0
DA:256,0
DA:262,0
DA:286,0
DA:288,0
DA:349,0
DA:350,0
DA:384,0
DA:386,0
DA:387,0
DA:388,0
DA:435,0
DA:454,0
LF:67
LH:0
BRDA:50,0,0,0
BRDA:121,1,0,0
BRDA:121,1,1,0
BRDA:122,2,0,0
BRDA:122,2,1,0
BRDA:145,3,0,0
BRDA:145,4,0,0
BRDA:145,4,1,0
BRDA:150,5,0,0
BRDA:150,5,1,0
BRDA:151,6,0,0
BRDA:151,6,1,0
BRDA:172,7,0,0
BRDA:172,7,1,0
BRDA:175,8,0,0
BRDA:175,8,1,0
BRDA:213,9,0,0
BRDA:213,9,1,0
BRDA:229,10,0,0
BRDA:229,10,1,0
BRDA:266,11,0,0
BRDA:266,11,1,0
BRDA:272,12,0,0
BRDA:272,12,1,0
BRDA:276,13,0,0
BRDA:276,13,1,0
BRDA:280,14,0,0
BRDA:280,14,1,0
BRDA:290,15,0,0
BRDA:290,15,1,0
BRDA:299,16,0,0
BRDA:299,16,1,0
BRDA:306,17,0,0
BRDA:306,17,1,0
BRDA:325,18,0,0
BRDA:325,18,1,0
BRDA:335,19,0,0
BRDA:335,19,1,0
BRDA:353,20,0,0
BRDA:353,20,1,0
BRDA:355,21,0,0
BRDA:355,21,1,0
BRDA:356,22,0,0
BRDA:356,22,1,0
BRDA:363,23,0,0
BRDA:363,23,1,0
BRDA:386,24,0,0
BRDA:386,25,0,0
BRDA:386,25,1,0
BRDA:416,26,0,0
BRDA:416,26,1,0
BRDA:427,27,0,0
BRDA:427,27,1,0
BRDA:432,28,0,0
BRDA:432,28,1,0
BRDA:444,29,0,0
BRDA:444,29,1,0
BRDA:448,30,0,0
BRDA:448,30,1,0
BRF:59
BRH:0
end_of_record
TN:
SF:pages/TeamMessagingPage.tsx
FN:53,(anonymous_0)
FN:105,(anonymous_1)
FN:109,(anonymous_2)
FN:113,(anonymous_3)
FN:130,(anonymous_4)
FN:137,(anonymous_5)
FN:138,(anonymous_6)
FN:143,(anonymous_7)
FN:152,(anonymous_8)
FN:191,(anonymous_9)
FN:200,(anonymous_10)
FN:205,(anonymous_11)
FN:205,(anonymous_12)
FN:208,(anonymous_13)
FN:238,(anonymous_14)
FN:244,(anonymous_15)
FN:247,(anonymous_16)
FN:279,(anonymous_17)
FN:327,(anonymous_18)
FN:340,(anonymous_19)
FN:371,(anonymous_20)
FN:403,(anonymous_21)
FN:452,(anonymous_22)
FN:485,(anonymous_23)
FN:490,(anonymous_24)
FN:515,(anonymous_25)
FN:551,(anonymous_26)
FNF:27
FNH:0
FNDA:0,(anonymous_0)
FNDA:0,(anonymous_1)
FNDA:0,(anonymous_2)
FNDA:0,(anonymous_3)
FNDA:0,(anonymous_4)
FNDA:0,(anonymous_5)
FNDA:0,(anonymous_6)
FNDA:0,(anonymous_7)
FNDA:0,(anonymous_8)
FNDA:0,(anonymous_9)
FNDA:0,(anonymous_10)
FNDA:0,(anonymous_11)
FNDA:0,(anonymous_12)
FNDA:0,(anonymous_13)
FNDA:0,(anonymous_14)
FNDA:0,(anonymous_15)
FNDA:0,(anonymous_16)
FNDA:0,(anonymous_17)
FNDA:0,(anonymous_18)
FNDA:0,(anonymous_19)
FNDA:0,(anonymous_20)
FNDA:0,(anonymous_21)
FNDA:0,(anonymous_22)
FNDA:0,(anonymous_23)
FNDA:0,(anonymous_24)
FNDA:0,(anonymous_25)
FNDA:0,(anonymous_26)
DA:53,0
DA:54,0
DA:61,0
DA:67,0
DA:68,0
DA:99,0
DA:100,0
DA:101,0
DA:102,0
DA:103,0
DA:105,0
DA:106,0
DA:109,0
DA:110,0
DA:113,0
DA:114,0
DA:116,0
DA:126,0
DA:127,0
DA:130,0
DA:131,0
DA:132,0
DA:133,0
DA:137,0
DA:138,0
DA:139,0
DA:143,0
DA:144,0
DA:145,0
DA:146,0
DA:147,0
DA:148,0
DA:152,0
DA:153,0
DA:154,0
DA:155,0
DA:156,0
DA:158,0
DA:159,0
DA:160,0
DA:163,0
DA:191,0
DA:200,0
DA:205,0
DA:206,0
DA:208,0
DA:238,0
DA:245,0
DA:247,0
DA:280,0
DA:327,0
DA:340,0
DA:372,0
DA:373,0
DA:375,0
DA:404,0
DA:452,0
DA:485,0
DA:491,0
DA:515,0
DA:551,0
LF:61
LH:0
BRDA:114,0,0,0
BRDA:131,1,0,0
BRDA:131,2,0,0
BRDA:131,2,1,0
BRDA:139,3,0,0
BRDA:139,3,1,0
BRDA:144,4,0,0
BRDA:144,4,1,0
BRDA:144,4,2,0
BRDA:144,4,3,0
BRDA:158,5,0,0
BRDA:159,6,0,0
BRDA:200,7,0,0
BRDA:200,7,1,0
BRDA:210,8,0,0
BRDA:210,8,1,0
BRDA:216,9,0,0
BRDA:216,9,1,0
BRDA:223,10,0,0
BRDA:223,10,1,0
BRDA:249,11,0,0
BRDA:249,11,1,0
BRDA:255,12,0,0
BRDA:255,12,1,0
BRDA:262,13,0,0
BRDA:262,13,1,0
BRDA:319,14,0,0
BRDA:319,14,1,0
BRDA:330,15,0,0
BRDA:330,15,1,0
BRDA:347,16,0,0
BRDA:347,16,1,0
BRDA:372,17,0,0
BRDA:372,17,1,0
BRDA:376,18,0,0
BRDA:376,18,1,0
BRDA:377,19,0,0
BRDA:377,19,1,0
BRDA:386,20,0,0
BRDA:386,20,1,0
BRDA:395,21,0,0
BRDA:395,21,1,0
BRDA:401,22,0,0
BRDA:401,22,1,0
BRDA:419,23,0,0
BRDA:419,23,1,0
BRDA:419,23,2,0
BRDA:422,24,0,0
BRDA:422,24,1,0
BRDA:481,25,0,0
BRDA:481,25,1,0
BRDA:500,26,0,0
BRDA:500,26,1,0
BRDA:510,27,0,0
BRDA:510,27,1,0
BRF:55
BRH:0
end_of_record
TN:
SF:pages/TestPage.tsx
FN:3,(anonymous_0)
FNF:1
FNH:0
FNDA:0,(anonymous_0)
DA:3,0
DA:4,0
LF:2
LH:0
BRF:0
BRH:0
end_of_record
TN:
SF:pages/UnauthorizedPage.tsx
FN:6,(anonymous_0)
FN:10,(anonymous_1)
FN:14,(anonymous_2)
FNF:3
FNH:0
FNDA:0,(anonymous_0)
FNDA:0,(anonymous_1)
FNDA:0,(anonymous_2)
DA:6,0
DA:7,0
DA:8,0
DA:10,0
DA:11,0
DA:14,0
DA:15,0
DA:16,0
DA:17,0
DA:19,0
DA:23,0
LF:11
LH:0
BRDA:42,0,0,0
BRDA:42,0,1,0
BRF:2
BRH:0
end_of_record
TN:
SF:pages/__tests__/DashboardPage.test.tsx
FN:12,(anonymous_0)
FN:14,(anonymous_1)
FN:28,(anonymous_2)
FN:36,(anonymous_3)
FN:37,(anonymous_4)
FN:41,(anonymous_5)
FN:98,(anonymous_6)
FN:106,(anonymous_7)
FN:117,(anonymous_8)
FN:124,(anonymous_9)
FN:131,(anonymous_10)
FN:138,(anonymous_11)
FN:149,(anonymous_12)
FN:156,(anonymous_13)
FN:167,(anonymous_14)
FN:174,(anonymous_15)
FN:182,(anonymous_16)
FN:189,(anonymous_17)
FN:197,(anonymous_18)
FN:198,(anonymous_19)
FN:208,(anonymous_20)
FN:216,(anonymous_21)
FN:218,(anonymous_22)
FN:219,(anonymous_23)
FN:219,(anonymous_24)
FNF:25
FNH:0
FNDA:0,(anonymous_0)
FNDA:0,(anonymous_1)
FNDA:0,(anonymous_2)
FNDA:0,(anonymous_3)
FNDA:0,(anonymous_4)
FNDA:0,(anonymous_5)
FNDA:0,(anonymous_6)
FNDA:0,(anonymous_7)
FNDA:0,(anonymous_8)
FNDA:0,(anonymous_9)
FNDA:0,(anonymous_10)
FNDA:0,(anonymous_11)
FNDA:0,(anonymous_12)
FNDA:0,(anonymous_13)
FNDA:0,(anonymous_14)
FNDA:0,(anonymous_15)
FNDA:0,(anonymous_16)
FNDA:0,(anonymous_17)
FNDA:0,(anonymous_18)
FNDA:0,(anonymous_19)
FNDA:0,(anonymous_20)
FNDA:0,(anonymous_21)
FNDA:0,(anonymous_22)
FNDA:0,(anonymous_23)
FNDA:0,(anonymous_24)
DA:9,0
DA:12,0
DA:14,0
DA:28,0
DA:29,0
DA:36,0
DA:37,0
DA:38,0
DA:41,0
DA:42,0
DA:43,0
DA:53,0
DA:54,0
DA:67,0
DA:68,0
DA:80,0
DA:81,0
DA:94,0
DA:98,0
DA:99,0
DA:106,0
DA:107,0
DA:111,0
DA:112,0
DA:113,0
DA:114,0
DA:117,0
DA:118,0
DA:124,0
DA:125,0
DA:126,0
DA:127,0
DA:131,0
DA:132,0
DA:138,0
DA:139,0
DA:142,0
DA:143,0
DA:146,0
DA:149,0
DA:150,0
DA:156,0
DA:157,0
DA:160,0
DA:161,0
DA:164,0
DA:167,0
DA:168,0
DA:174,0
DA:175,0
DA:178,0
DA:179,0
DA:182,0
DA:183,0
DA:189,0
DA:190,0
DA:193,0
DA:194,0
DA:197,0
DA:198,0
DA:199,0
DA:202,0
DA:208,0
DA:209,0
DA:213,0
DA:216,0
DA:218,0
DA:219,0
DA:222,0
DA:229,0
LF:70
LH:0
BRDA:42,0,0,0
BRDA:53,1,0,0
BRDA:67,2,0,0
BRDA:80,3,0,0
BRF:4
BRH:0
end_of_record
TN:
SF:utils/roleAccess.ts
FN:33,(anonymous_0)
FN:40,(anonymous_1)
FN:45,(anonymous_2)
FN:50,(anonymous_3)
FN:122,(anonymous_4)
FN:140,(anonymous_5)
FN:163,(anonymous_6)
FNF:7
FNH:0
FNDA:0,(anonymous_0)
FNDA:0,(anonymous_1)
FNDA:0,(anonymous_2)
FNDA:0,(anonymous_3)
FNDA:0,(anonymous_4)
FNDA:0,(anonymous_5)
FNDA:0,(anonymous_6)
DA:23,0
DA:33,0
DA:34,0
DA:35,0
DA:36,0
DA:40,0
DA:41,0
DA:45,0
DA:46,0
DA:50,0
DA:51,0
DA:71,0
DA:73,0
DA:80,0
DA:86,0
DA:92,0
DA:98,0
DA:103,0
DA:122,0
DA:123,0
DA:124,0
DA:127,0
DA:128,0
DA:132,0
DA:133,0
DA:136,0
DA:140,0
DA:141,0
DA:143,0
DA:144,0
DA:147,0
DA:148,0
DA:151,0
DA:152,0
DA:155,0
DA:156,0
DA:159,0
DA:163,0
DA:164,0
DA:166,0
DA:168,0
DA:170,0
DA:172,0
DA:174,0
LF:44
LH:0
BRDA:34,0,0,0
BRDA:34,0,1,0
BRDA:35,1,0,0
BRDA:35,1,1,0
BRDA:71,2,0,0
BRDA:71,2,1,0
BRDA:71,2,2,0
BRDA:71,2,3,0
BRDA:71,2,4,0
BRDA:124,3,0,0
BRDA:127,4,0,0
BRDA:127,5,0,0
BRDA:127,5,1,0
BRDA:132,6,0,0
BRDA:132,7,0,0
BRDA:132,7,1,0
BRDA:141,8,0,0
BRDA:143,9,0,0
BRDA:147,10,0,0
BRDA:151,11,0,0
BRDA:155,12,0,0
BRDA:164,13,0,0
BRDA:164,13,1,0
BRDA:164,13,2,0
BRDA:164,13,3,0
BRDA:164,13,4,0
BRF:26
BRH:0
end_of_record
